TN:
SF:app.js
FN:15,(anonymous_0)
FN:22,(anonymous_1)
FN:25,(anonymous_2)
FN:44,(anonymous_3)
FN:90,(anonymous_4)
FN:100,(anonymous_5)
FN:102,(anonymous_6)
FN:103,(anonymous_7)
FN:115,(anonymous_8)
FN:116,(anonymous_9)
FN:121,(anonymous_10)
FN:134,(anonymous_11)
FN:135,(anonymous_12)
FN:140,(anonymous_13)
FN:141,(anonymous_14)
FN:145,(anonymous_15)
FN:146,(anonymous_16)
FN:150,(anonymous_17)
FN:151,(anonymous_18)
FN:155,(anonymous_19)
FN:159,(anonymous_20)
FN:163,(anonymous_21)
FN:171,(anonymous_22)
FNF:23
FNH:10
FNDA:0,(anonymous_0)
FNDA:0,(anonymous_1)
FNDA:0,(anonymous_2)
FNDA:26,(anonymous_3)
FNDA:3,(anonymous_4)
FNDA:6,(anonymous_5)
FNDA:6,(anonymous_6)
FNDA:6,(anonymous_7)
FNDA:3,(anonymous_8)
FNDA:3,(anonymous_9)
FNDA:3,(anonymous_10)
FNDA:3,(anonymous_11)
FNDA:3,(anonymous_12)
FNDA:0,(anonymous_13)
FNDA:0,(anonymous_14)
FNDA:0,(anonymous_15)
FNDA:0,(anonymous_16)
FNDA:0,(anonymous_17)
FNDA:0,(anonymous_18)
FNDA:0,(anonymous_19)
FNDA:0,(anonymous_20)
FNDA:0,(anonymous_21)
FNDA:0,(anonymous_22)
DA:1,3
DA:2,3
DA:3,3
DA:4,3
DA:5,3
DA:8,3
DA:9,3
DA:15,3
DA:16,0
DA:17,0
DA:18,0
DA:22,3
DA:23,0
DA:24,0
DA:25,0
DA:26,0
DA:32,3
DA:33,3
DA:34,3
DA:35,3
DA:36,3
DA:39,3
DA:43,3
DA:44,3
DA:45,26
DA:46,26
DA:47,26
DA:48,26
DA:50,26
DA:54,3
DA:55,3
DA:58,3
DA:61,3
DA:64,3
DA:68,3
DA:69,3
DA:70,3
DA:71,3
DA:72,3
DA:73,3
DA:74,3
DA:75,3
DA:76,3
DA:79,3
DA:80,3
DA:81,3
DA:82,3
DA:83,3
DA:84,3
DA:85,3
DA:86,3
DA:87,3
DA:90,3
DA:91,3
DA:92,3
DA:93,3
DA:94,3
DA:95,3
DA:98,3
DA:100,3
DA:102,6
DA:103,6
DA:104,6
DA:105,0
DA:106,0
DA:108,6
DA:109,6
DA:110,6
DA:115,3
DA:116,3
DA:117,3
DA:118,0
DA:119,0
DA:121,3
DA:122,3
DA:123,0
DA:124,0
DA:126,3
DA:127,3
DA:133,3
DA:134,3
DA:136,3
DA:137,3
DA:140,3
DA:141,0
DA:145,3
DA:146,0
DA:150,3
DA:151,0
DA:154,3
DA:155,3
DA:156,0
DA:159,0
DA:160,0
DA:163,0
DA:164,0
DA:165,0
DA:171,0
DA:174,3
LF:99
LH:76
BRDA:8,0,0,3
BRDA:8,0,1,0
BRDA:92,1,0,3
BRDA:92,1,1,0
BRDA:98,2,0,3
BRDA:98,2,1,0
BRDA:104,3,0,0
BRDA:104,3,1,6
BRDA:117,4,0,0
BRDA:117,4,1,3
BRDA:122,5,0,0
BRDA:122,5,1,3
BRDA:146,6,0,0
BRDA:146,6,1,0
BRF:14
BRH:6
end_of_record
TN:
SF:multer.js
FN:6,(anonymous_0)
FN:9,(anonymous_1)
FN:15,(anonymous_2)
FNF:3
FNH:0
FNDA:0,(anonymous_0)
FNDA:0,(anonymous_1)
FNDA:0,(anonymous_2)
DA:1,3
DA:2,3
DA:5,3
DA:7,0
DA:10,0
DA:15,3
DA:16,0
DA:21,0
DA:23,0
DA:28,3
DA:37,3
LF:11
LH:6
BRDA:16,0,0,0
BRDA:16,0,1,0
BRDA:17,1,0,0
BRDA:17,1,1,0
BRDA:17,1,2,0
BRF:5
BRH:0
end_of_record
TN:
SF:socket.js
FN:4,(anonymous_0)
FN:13,(anonymous_1)
FNF:2
FNH:1
FNDA:3,(anonymous_0)
FNDA:0,(anonymous_1)
DA:3,3
DA:5,3
DA:11,3
DA:14,0
DA:15,0
DA:17,0
LF:6
LH:3
BRDA:14,0,0,0
BRDA:14,0,1,0
BRF:2
BRH:0
end_of_record
TN:
SF:constants\sortOptions.js
FNF:0
FNH:0
DA:1,3
DA:10,3
LF:2
LH:2
BRF:0
BRH:0
end_of_record
TN:
SF:constants\status.js
FNF:0
FNH:0
DA:2,3
DA:16,3
LF:2
LH:2
BRF:0
BRH:0
end_of_record
TN:
SF:controllers\auth.js
FN:9,(anonymous_0)
FN:89,(anonymous_1)
FN:164,(anonymous_2)
FN:236,(anonymous_3)
FN:290,(anonymous_4)
FN:339,(anonymous_5)
FN:411,(anonymous_6)
FN:462,(anonymous_7)
FNF:8
FNH:7
FNDA:4,(anonymous_0)
FNDA:6,(anonymous_1)
FNDA:0,(anonymous_2)
FNDA:1,(anonymous_3)
FNDA:1,(anonymous_4)
FNDA:1,(anonymous_5)
FNDA:1,(anonymous_6)
FNDA:1,(anonymous_7)
DA:1,3
DA:2,3
DA:3,3
DA:4,3
DA:5,3
DA:6,3
DA:7,3
DA:9,3
DA:11,4
DA:12,4
DA:13,4
DA:14,4
DA:18,4
DA:19,0
DA:20,0
DA:23,4
DA:26,4
DA:28,4
DA:29,4
DA:31,1
DA:32,0
DA:35,1
DA:36,1
DA:37,1
DA:38,1
DA:41,3
DA:44,3
DA:46,0
DA:47,0
DA:48,0
DA:51,3
DA:64,3
DA:65,0
DA:66,0
DA:67,0
DA:71,3
DA:78,1
DA:79,0
DA:82,1
DA:83,0
DA:85,1
DA:89,3
DA:90,6
DA:91,6
DA:93,6
DA:94,6
DA:96,6
DA:97,1
DA:98,1
DA:99,1
DA:102,5
DA:103,0
DA:104,0
DA:105,0
DA:106,0
DA:109,5
DA:111,5
DA:112,1
DA:113,1
DA:114,1
DA:117,4
DA:124,4
DA:127,4
DA:134,4
DA:150,4
DA:156,2
DA:157,0
DA:159,2
DA:164,3
DA:165,0
DA:166,0
DA:169,0
DA:170,0
DA:171,0
DA:172,0
DA:173,0
DA:176,0
DA:177,0
DA:178,0
DA:179,0
DA:182,0
DA:184,0
DA:185,0
DA:186,0
DA:187,0
DA:190,0
DA:192,0
DA:193,0
DA:194,0
DA:195,0
DA:196,0
DA:197,0
DA:200,0
DA:201,0
DA:202,0
DA:203,0
DA:206,0
DA:207,0
DA:208,0
DA:209,0
DA:212,0
DA:214,0
DA:216,0
DA:217,0
DA:218,0
DA:219,0
DA:222,0
DA:228,0
DA:229,0
DA:231,0
DA:236,3
DA:237,1
DA:239,1
DA:240,1
DA:241,0
DA:242,0
DA:243,0
DA:246,1
DA:248,1
DA:249,0
DA:250,0
DA:251,0
DA:254,1
DA:255,0
DA:256,0
DA:257,0
DA:261,1
DA:266,1
DA:269,1
DA:271,1
DA:272,0
DA:273,0
DA:274,0
DA:278,1
DA:283,0
DA:284,0
DA:286,0
DA:290,3
DA:291,1
DA:293,1
DA:294,1
DA:295,0
DA:296,0
DA:297,0
DA:300,1
DA:302,1
DA:303,0
DA:304,0
DA:305,0
DA:309,1
DA:314,1
DA:317,1
DA:319,1
DA:320,0
DA:321,0
DA:322,0
DA:326,1
DA:332,0
DA:333,0
DA:335,0
DA:339,3
DA:340,1
DA:341,1
DA:343,1
DA:345,1
DA:346,1
DA:347,0
DA:348,0
DA:349,0
DA:350,0
DA:355,1
DA:356,1
DA:358,0
DA:359,0
DA:360,0
DA:363,1
DA:364,0
DA:365,0
DA:366,0
DA:369,1
DA:371,1
DA:373,1
DA:374,0
DA:375,0
DA:376,0
DA:379,1
DA:381,1
DA:382,0
DA:383,0
DA:384,0
DA:387,1
DA:389,1
DA:391,1
DA:392,0
DA:393,0
DA:394,0
DA:397,1
DA:403,0
DA:404,0
DA:406,0
DA:411,3
DA:412,1
DA:414,1
DA:415,1
DA:416,0
DA:417,0
DA:418,0
DA:421,1
DA:425,1
DA:426,0
DA:427,0
DA:428,0
DA:431,1
DA:449,1
DA:454,0
DA:455,0
DA:457,0
DA:462,3
DA:464,1
DA:466,1
DA:467,1
DA:468,0
DA:469,0
DA:470,0
DA:473,1
DA:477,0
DA:478,0
DA:480,0
LF:228
LH:107
BRDA:18,0,0,0
BRDA:18,0,1,4
BRDA:29,1,0,1
BRDA:29,1,1,3
BRDA:31,2,0,0
BRDA:31,2,1,1
BRDA:44,3,0,0
BRDA:44,3,1,3
BRDA:64,4,0,0
BRDA:64,4,1,3
BRDA:78,5,0,0
BRDA:78,5,1,1
BRDA:82,6,0,0
BRDA:82,6,1,1
BRDA:96,7,0,1
BRDA:96,7,1,5
BRDA:102,8,0,0
BRDA:102,8,1,5
BRDA:111,9,0,1
BRDA:111,9,1,4
BRDA:156,10,0,0
BRDA:156,10,1,2
BRDA:170,11,0,0
BRDA:170,11,1,0
BRDA:176,12,0,0
BRDA:176,12,1,0
BRDA:184,13,0,0
BRDA:184,13,1,0
BRDA:192,14,0,0
BRDA:192,14,1,0
BRDA:195,15,0,0
BRDA:195,15,1,0
BRDA:200,16,0,0
BRDA:200,16,1,0
BRDA:206,17,0,0
BRDA:206,17,1,0
BRDA:216,18,0,0
BRDA:216,18,1,0
BRDA:228,19,0,0
BRDA:228,19,1,0
BRDA:240,20,0,0
BRDA:240,20,1,1
BRDA:248,21,0,0
BRDA:248,21,1,1
BRDA:254,22,0,0
BRDA:254,22,1,1
BRDA:271,23,0,0
BRDA:271,23,1,1
BRDA:283,24,0,0
BRDA:283,24,1,0
BRDA:294,25,0,0
BRDA:294,25,1,1
BRDA:302,26,0,0
BRDA:302,26,1,1
BRDA:319,27,0,0
BRDA:319,27,1,1
BRDA:332,28,0,0
BRDA:332,28,1,0
BRDA:346,29,0,0
BRDA:346,29,1,1
BRDA:363,30,0,0
BRDA:363,30,1,1
BRDA:373,31,0,0
BRDA:373,31,1,1
BRDA:381,32,0,0
BRDA:381,32,1,1
BRDA:391,33,0,0
BRDA:391,33,1,1
BRDA:403,34,0,0
BRDA:403,34,1,0
BRDA:415,35,0,0
BRDA:415,35,1,1
BRDA:425,36,0,0
BRDA:425,36,1,1
BRDA:454,37,0,0
BRDA:454,37,1,0
BRDA:467,38,0,0
BRDA:467,38,1,1
BRDA:477,39,0,0
BRDA:477,39,1,0
BRF:80
BRH:29
end_of_record
TN:
SF:controllers\coupon.js
FN:8,(anonymous_0)
FN:47,(anonymous_1)
FN:79,(anonymous_2)
FN:129,(anonymous_3)
FN:176,(anonymous_4)
FN:193,(anonymous_5)
FN:202,(anonymous_6)
FN:203,(anonymous_7)
FN:235,(anonymous_8)
FN:246,(anonymous_9)
FNF:10
FNH:0
FNDA:0,(anonymous_0)
FNDA:0,(anonymous_1)
FNDA:0,(anonymous_2)
FNDA:0,(anonymous_3)
FNDA:0,(anonymous_4)
FNDA:0,(anonymous_5)
FNDA:0,(anonymous_6)
FNDA:0,(anonymous_7)
FNDA:0,(anonymous_8)
FNDA:0,(anonymous_9)
DA:1,3
DA:2,3
DA:3,3
DA:4,3
DA:5,3
DA:8,3
DA:12,0
DA:13,0
DA:16,0
DA:18,0
DA:22,0
DA:24,0
DA:25,0
DA:26,0
DA:27,0
DA:28,0
DA:32,0
DA:33,0
DA:34,0
DA:35,0
DA:36,0
DA:40,0
DA:43,0
DA:47,0
DA:51,0
DA:65,0
DA:68,0
DA:74,0
DA:79,3
DA:80,0
DA:81,0
DA:84,0
DA:85,0
DA:86,0
DA:87,0
DA:88,0
DA:89,0
DA:93,0
DA:96,0
DA:97,0
DA:98,0
DA:99,0
DA:103,0
DA:104,0
DA:105,0
DA:112,0
DA:118,0
DA:119,0
DA:121,0
DA:122,0
DA:124,0
DA:129,3
DA:130,0
DA:131,0
DA:132,0
DA:137,0
DA:138,0
DA:139,0
DA:140,0
DA:141,0
DA:142,0
DA:146,0
DA:149,0
DA:150,0
DA:151,0
DA:152,0
DA:156,0
DA:159,0
DA:165,0
DA:166,0
DA:168,0
DA:169,0
DA:171,0
DA:176,3
DA:177,0
DA:178,0
DA:179,0
DA:182,0
DA:185,0
DA:186,0
DA:187,0
DA:188,0
DA:193,0
DA:195,0
DA:196,0
DA:197,0
DA:198,0
DA:202,0
DA:203,0
DA:204,0
DA:208,0
DA:211,0
DA:212,0
DA:213,0
DA:214,0
DA:218,0
DA:221,0
DA:222,0
DA:223,0
DA:224,0
DA:228,0
DA:229,0
DA:230,0
DA:231,0
DA:235,0
DA:239,0
DA:240,0
DA:241,0
DA:242,0
DA:246,0
DA:249,0
DA:250,0
DA:251,0
DA:252,0
DA:259,0
DA:260,0
DA:263,0
DA:272,0
DA:279,0
DA:280,0
DA:282,0
DA:283,0
DA:285,0
LF:123
LH:9
BRDA:24,0,0,0
BRDA:24,0,1,0
BRDA:33,1,0,0
BRDA:33,1,1,0
BRDA:86,2,0,0
BRDA:86,2,1,0
BRDA:96,3,0,0
BRDA:96,3,1,0
BRDA:103,4,0,0
BRDA:103,4,1,0
BRDA:118,5,0,0
BRDA:118,5,1,0
BRDA:121,6,0,0
BRDA:121,6,1,0
BRDA:139,7,0,0
BRDA:139,7,1,0
BRDA:149,8,0,0
BRDA:149,8,1,0
BRDA:165,9,0,0
BRDA:165,9,1,0
BRDA:168,10,0,0
BRDA:168,10,1,0
BRDA:185,11,0,0
BRDA:185,11,1,0
BRDA:195,12,0,0
BRDA:195,12,1,0
BRDA:211,13,0,0
BRDA:211,13,1,0
BRDA:221,14,0,0
BRDA:221,14,1,0
BRDA:228,15,0,0
BRDA:228,15,1,0
BRDA:239,16,0,0
BRDA:239,16,1,0
BRDA:249,17,0,0
BRDA:249,17,1,0
BRDA:259,18,0,0
BRDA:259,18,1,0
BRDA:279,19,0,0
BRDA:279,19,1,0
BRDA:282,20,0,0
BRDA:282,20,1,0
BRF:42
BRH:0
end_of_record
TN:
SF:controllers\event.js
FN:12,(anonymous_0)
FN:120,(anonymous_1)
FN:176,(anonymous_2)
FN:209,(anonymous_3)
FN:244,(anonymous_4)
FN:275,(anonymous_5)
FNF:6
FNH:0
FNDA:0,(anonymous_0)
FNDA:0,(anonymous_1)
FNDA:0,(anonymous_2)
FNDA:0,(anonymous_3)
FNDA:0,(anonymous_4)
FNDA:0,(anonymous_5)
DA:1,3
DA:2,3
DA:3,3
DA:4,3
DA:5,3
DA:6,3
DA:7,3
DA:8,3
DA:12,3
DA:15,0
DA:17,0
DA:18,0
DA:19,0
DA:20,0
DA:21,0
DA:22,0
DA:25,0
DA:27,0
DA:28,0
DA:29,0
DA:30,0
DA:31,0
DA:35,0
DA:36,0
DA:39,0
DA:41,0
DA:43,0
DA:44,0
DA:45,0
DA:46,0
DA:49,0
DA:51,0
DA:53,0
DA:54,0
DA:55,0
DA:56,0
DA:59,0
DA:61,0
DA:62,0
DA:63,0
DA:64,0
DA:67,0
DA:69,0
DA:70,0
DA:71,0
DA:72,0
DA:75,0
DA:77,0
DA:91,0
DA:92,0
DA:93,0
DA:94,0
DA:97,0
DA:105,0
DA:106,0
DA:109,0
DA:110,0
DA:113,0
DA:114,0
DA:116,0
DA:120,3
DA:121,0
DA:122,0
DA:124,0
DA:125,0
DA:127,0
DA:128,0
DA:129,0
DA:130,0
DA:133,0
DA:135,0
DA:136,0
DA:137,0
DA:138,0
DA:141,0
DA:142,0
DA:143,0
DA:144,0
DA:147,0
DA:149,0
DA:151,0
DA:152,0
DA:153,0
DA:154,0
DA:157,0
DA:165,0
DA:166,0
DA:169,0
DA:170,0
DA:172,0
DA:176,3
DA:177,0
DA:179,0
DA:181,0
DA:184,0
DA:185,0
DA:186,0
DA:187,0
DA:190,0
DA:198,0
DA:199,0
DA:202,0
DA:203,0
DA:205,0
DA:209,3
DA:210,0
DA:211,0
DA:215,0
DA:220,0
DA:222,0
DA:223,0
DA:224,0
DA:225,0
DA:228,0
DA:233,0
DA:234,0
DA:237,0
DA:238,0
DA:240,0
DA:244,3
DA:245,0
DA:247,0
DA:248,0
DA:250,0
DA:251,0
DA:252,0
DA:253,0
DA:256,0
DA:264,0
DA:265,0
DA:268,0
DA:269,0
DA:271,0
DA:275,3
DA:276,0
DA:279,0
DA:280,0
DA:284,0
DA:285,0
DA:286,0
DA:287,0
DA:290,0
DA:296,0
DA:297,0
DA:300,0
DA:301,0
DA:303,0
LF:147
LH:14
BRDA:28,0,0,0
BRDA:28,0,1,0
BRDA:39,1,0,0
BRDA:39,1,1,0
BRDA:53,2,0,0
BRDA:53,2,1,0
BRDA:61,3,0,0
BRDA:61,3,1,0
BRDA:69,4,0,0
BRDA:69,4,1,0
BRDA:91,5,0,0
BRDA:91,5,1,0
BRDA:105,6,0,0
BRDA:105,6,1,0
BRDA:109,7,0,0
BRDA:109,7,1,0
BRDA:113,8,0,0
BRDA:113,8,1,0
BRDA:127,9,0,0
BRDA:127,9,1,0
BRDA:135,10,0,0
BRDA:135,10,1,0
BRDA:141,11,0,0
BRDA:141,11,1,0
BRDA:151,12,0,0
BRDA:151,12,1,0
BRDA:165,13,0,0
BRDA:165,13,1,0
BRDA:169,14,0,0
BRDA:169,14,1,0
BRDA:184,15,0,0
BRDA:184,15,1,0
BRDA:198,16,0,0
BRDA:198,16,1,0
BRDA:202,17,0,0
BRDA:202,17,1,0
BRDA:222,18,0,0
BRDA:222,18,1,0
BRDA:233,19,0,0
BRDA:233,19,1,0
BRDA:237,20,0,0
BRDA:237,20,1,0
BRDA:250,21,0,0
BRDA:250,21,1,0
BRDA:264,22,0,0
BRDA:264,22,1,0
BRDA:268,23,0,0
BRDA:268,23,1,0
BRDA:284,24,0,0
BRDA:284,24,1,0
BRDA:296,25,0,0
BRDA:296,25,1,0
BRDA:300,26,0,0
BRDA:300,26,1,0
BRF:54
BRH:0
end_of_record
TN:
SF:controllers\order.js
FN:24,(anonymous_0)
FN:49,(anonymous_1)
FN:60,(anonymous_2)
FN:61,(anonymous_3)
FN:67,(anonymous_4)
FN:79,(anonymous_5)
FN:80,(anonymous_6)
FN:85,(anonymous_7)
FN:86,(anonymous_8)
FN:91,(anonymous_9)
FN:97,(anonymous_10)
FN:153,(anonymous_11)
FN:164,(anonymous_12)
FN:218,(anonymous_13)
FN:251,(anonymous_14)
FN:288,(anonymous_15)
FNF:16
FNH:0
FNDA:0,(anonymous_0)
FNDA:0,(anonymous_1)
FNDA:0,(anonymous_2)
FNDA:0,(anonymous_3)
FNDA:0,(anonymous_4)
FNDA:0,(anonymous_5)
FNDA:0,(anonymous_6)
FNDA:0,(anonymous_7)
FNDA:0,(anonymous_8)
FNDA:0,(anonymous_9)
FNDA:0,(anonymous_10)
FNDA:0,(anonymous_11)
FNDA:0,(anonymous_12)
FNDA:0,(anonymous_13)
FNDA:0,(anonymous_14)
FNDA:0,(anonymous_15)
DA:1,3
DA:2,3
DA:3,3
DA:4,3
DA:5,3
DA:6,3
DA:7,3
DA:9,3
DA:24,3
DA:25,0
DA:26,0
DA:29,0
DA:30,0
DA:31,0
DA:32,0
DA:35,0
DA:37,0
DA:40,0
DA:42,0
DA:43,0
DA:44,0
DA:45,0
DA:46,0
DA:49,0
DA:51,0
DA:53,0
DA:54,0
DA:55,0
DA:56,0
DA:60,0
DA:61,0
DA:62,0
DA:67,0
DA:68,0
DA:71,0
DA:72,0
DA:73,0
DA:74,0
DA:75,0
DA:79,0
DA:80,0
DA:81,0
DA:85,0
DA:86,0
DA:87,0
DA:91,0
DA:95,0
DA:97,0
DA:98,0
DA:99,0
DA:101,0
DA:104,0
DA:115,0
DA:117,0
DA:118,0
DA:119,0
DA:120,0
DA:127,0
DA:128,0
DA:130,0
DA:131,0
DA:132,0
DA:133,0
DA:138,0
DA:140,0
DA:141,0
DA:142,0
DA:146,0
DA:147,0
DA:148,0
DA:149,0
DA:153,0
DA:154,0
DA:164,0
DA:165,0
DA:168,0
DA:169,0
DA:173,0
DA:186,0
DA:189,0
DA:190,0
DA:191,0
DA:192,0
DA:198,0
DA:205,0
DA:206,0
DA:209,0
DA:210,0
DA:213,0
DA:218,3
DA:219,0
DA:221,0
DA:223,0
DA:225,0
DA:226,0
DA:227,0
DA:228,0
DA:231,0
DA:238,0
DA:239,0
DA:242,0
DA:243,0
DA:246,0
DA:251,3
DA:252,0
DA:254,0
DA:256,0
DA:258,0
DA:260,0
DA:262,0
DA:263,0
DA:264,0
DA:265,0
DA:268,0
DA:275,0
DA:276,0
DA:279,0
DA:280,0
DA:283,0
DA:288,3
DA:289,0
DA:290,0
DA:292,0
DA:294,0
DA:296,0
DA:297,0
DA:298,0
DA:299,0
DA:302,0
DA:304,0
DA:306,0
DA:307,0
DA:308,0
DA:309,0
DA:312,0
DA:321,0
DA:322,0
DA:325,0
DA:326,0
DA:329,0
LF:140
LH:12
BRDA:29,0,0,0
BRDA:29,0,1,0
BRDA:42,1,0,0
BRDA:42,1,1,0
BRDA:53,2,0,0
BRDA:53,2,1,0
BRDA:71,3,0,0
BRDA:71,3,1,0
BRDA:98,4,0,0
BRDA:98,4,1,0
BRDA:117,5,0,0
BRDA:117,5,1,0
BRDA:127,6,0,0
BRDA:127,6,1,0
BRDA:127,7,0,0
BRDA:127,7,1,0
BRDA:130,8,0,0
BRDA:130,8,1,0
BRDA:146,9,0,0
BRDA:146,9,1,0
BRDA:168,10,0,0
BRDA:168,10,1,0
BRDA:189,11,0,0
BRDA:189,11,1,0
BRDA:205,12,0,0
BRDA:205,12,1,0
BRDA:209,13,0,0
BRDA:209,13,1,0
BRDA:225,14,0,0
BRDA:225,14,1,0
BRDA:238,15,0,0
BRDA:238,15,1,0
BRDA:242,16,0,0
BRDA:242,16,1,0
BRDA:262,17,0,0
BRDA:262,17,1,0
BRDA:275,18,0,0
BRDA:275,18,1,0
BRDA:279,19,0,0
BRDA:279,19,1,0
BRDA:296,20,0,0
BRDA:296,20,1,0
BRDA:306,21,0,0
BRDA:306,21,1,0
BRDA:321,22,0,0
BRDA:321,22,1,0
BRDA:325,23,0,0
BRDA:325,23,1,0
BRF:48
BRH:0
end_of_record
TN:
SF:controllers\payment.js
FN:2,(anonymous_0)
FN:27,(anonymous_1)
FN:34,(anonymous_2)
FN:62,(anonymous_3)
FN:80,(anonymous_4)
FN:103,(anonymous_5)
FN:153,(anonymous_6)
FN:174,handleResponse
FNF:8
FNH:0
FNDA:0,(anonymous_0)
FNDA:0,(anonymous_1)
FNDA:0,(anonymous_2)
FNDA:0,(anonymous_3)
FNDA:0,(anonymous_4)
FNDA:0,(anonymous_5)
FNDA:0,(anonymous_6)
FNDA:0,handleResponse
DA:1,3
DA:2,3
DA:4,0
DA:7,0
DA:14,0
DA:15,0
DA:21,0
DA:27,3
DA:28,0
DA:34,3
DA:36,0
DA:52,0
DA:53,0
DA:54,0
DA:56,0
DA:57,0
DA:62,3
DA:63,0
DA:65,0
DA:66,0
DA:67,0
DA:69,0
DA:70,0
DA:75,3
DA:76,3
DA:77,3
DA:80,3
DA:81,0
DA:82,0
DA:83,0
DA:85,0
DA:88,0
DA:96,0
DA:97,0
DA:99,0
DA:103,3
DA:120,0
DA:122,0
DA:123,0
DA:124,0
DA:136,0
DA:150,0
DA:153,3
DA:155,0
DA:156,0
DA:158,0
DA:171,0
DA:175,0
DA:176,0
DA:177,0
DA:182,0
DA:183,0
LF:52
LH:11
BRDA:14,0,0,0
BRDA:14,0,1,0
BRDA:82,1,0,0
BRDA:82,1,1,0
BRDA:82,2,0,0
BRDA:82,2,1,0
BRF:6
BRH:0
end_of_record
TN:
SF:controllers\product.js
FN:12,(anonymous_0)
FN:31,(anonymous_1)
FN:43,(anonymous_2)
FN:72,(anonymous_3)
FN:111,(anonymous_4)
FN:127,(anonymous_5)
FN:147,(anonymous_6)
FN:157,(anonymous_7)
FN:170,(anonymous_8)
FN:218,(anonymous_9)
FN:236,(anonymous_10)
FN:304,(anonymous_11)
FN:342,(anonymous_12)
FN:344,(anonymous_13)
FN:346,(anonymous_14)
FN:348,(anonymous_15)
FN:350,(anonymous_16)
FN:352,(anonymous_17)
FN:357,(anonymous_18)
FN:359,(anonymous_19)
FN:361,(anonymous_20)
FN:363,(anonymous_21)
FN:365,(anonymous_22)
FN:367,(anonymous_23)
FN:369,(anonymous_24)
FN:371,(anonymous_25)
FN:376,(anonymous_26)
FN:378,(anonymous_27)
FN:380,(anonymous_28)
FN:382,(anonymous_29)
FN:416,(anonymous_30)
FN:446,(anonymous_31)
FN:455,(anonymous_32)
FN:459,(anonymous_33)
FN:464,(anonymous_34)
FN:487,(anonymous_35)
FN:522,(anonymous_36)
FN:543,(anonymous_37)
FN:563,(anonymous_38)
FN:587,(anonymous_39)
FNF:40
FNH:14
FNDA:1,(anonymous_0)
FNDA:0,(anonymous_1)
FNDA:0,(anonymous_2)
FNDA:0,(anonymous_3)
FNDA:0,(anonymous_4)
FNDA:0,(anonymous_5)
FNDA:0,(anonymous_6)
FNDA:0,(anonymous_7)
FNDA:0,(anonymous_8)
FNDA:0,(anonymous_9)
FNDA:1,(anonymous_10)
FNDA:1,(anonymous_11)
FNDA:22,(anonymous_12)
FNDA:0,(anonymous_13)
FNDA:0,(anonymous_14)
FNDA:0,(anonymous_15)
FNDA:0,(anonymous_16)
FNDA:0,(anonymous_17)
FNDA:0,(anonymous_18)
FNDA:0,(anonymous_19)
FNDA:0,(anonymous_20)
FNDA:0,(anonymous_21)
FNDA:0,(anonymous_22)
FNDA:0,(anonymous_23)
FNDA:0,(anonymous_24)
FNDA:0,(anonymous_25)
FNDA:0,(anonymous_26)
FNDA:0,(anonymous_27)
FNDA:0,(anonymous_28)
FNDA:0,(anonymous_29)
FNDA:1,(anonymous_30)
FNDA:1,(anonymous_31)
FNDA:18,(anonymous_32)
FNDA:18,(anonymous_33)
FNDA:17,(anonymous_34)
FNDA:1,(anonymous_35)
FNDA:1,(anonymous_36)
FNDA:10,(anonymous_37)
FNDA:2,(anonymous_38)
FNDA:1,(anonymous_39)
DA:1,3
DA:2,3
DA:3,3
DA:4,3
DA:5,3
DA:6,3
DA:7,3
DA:8,3
DA:12,3
DA:15,1
DA:17,1
DA:18,1
DA:19,1
DA:20,1
DA:21,1
DA:22,1
DA:23,1
DA:24,1
DA:26,1
DA:27,1
DA:29,1
DA:30,1
DA:31,1
DA:32,0
DA:33,0
DA:34,0
DA:40,1
DA:42,0
DA:43,0
DA:44,0
DA:48,0
DA:49,0
DA:50,0
DA:51,0
DA:54,1
DA:56,1
DA:57,0
DA:58,0
DA:59,0
DA:62,1
DA:64,1
DA:65,0
DA:66,0
DA:67,0
DA:70,1
DA:72,1
DA:73,0
DA:77,0
DA:80,1
DA:93,1
DA:94,0
DA:95,0
DA:96,0
DA:99,1
DA:101,1
DA:103,1
DA:110,0
DA:111,0
DA:112,0
DA:116,0
DA:117,0
DA:120,0
DA:121,0
DA:123,0
DA:127,3
DA:130,0
DA:131,0
DA:133,0
DA:134,0
DA:135,0
DA:136,0
DA:137,0
DA:138,0
DA:139,0
DA:140,0
DA:142,0
DA:143,0
DA:145,0
DA:146,0
DA:147,0
DA:148,0
DA:149,0
DA:150,0
DA:154,0
DA:156,0
DA:157,0
DA:158,0
DA:162,0
DA:163,0
DA:164,0
DA:165,0
DA:168,0
DA:170,0
DA:171,0
DA:175,0
DA:178,0
DA:180,0
DA:181,0
DA:182,0
DA:183,0
DA:186,0
DA:187,0
DA:188,0
DA:189,0
DA:192,0
DA:193,0
DA:194,0
DA:195,0
DA:196,0
DA:197,0
DA:198,0
DA:199,0
DA:201,0
DA:203,0
DA:204,0
DA:205,0
DA:206,0
DA:210,0
DA:217,0
DA:218,0
DA:219,0
DA:223,0
DA:224,0
DA:227,0
DA:228,0
DA:230,0
DA:236,3
DA:237,1
DA:238,1
DA:242,1
DA:243,1
DA:246,1
DA:247,0
DA:248,0
DA:249,0
DA:252,1
DA:254,1
DA:255,0
DA:256,0
DA:257,0
DA:260,1
DA:262,1
DA:263,0
DA:264,0
DA:265,0
DA:268,1
DA:269,0
DA:270,0
DA:271,0
DA:274,1
DA:276,1
DA:277,0
DA:278,0
DA:279,0
DA:282,1
DA:284,1
DA:286,1
DA:293,0
DA:294,0
DA:297,0
DA:298,0
DA:300,0
DA:304,3
DA:306,1
DA:307,1
DA:308,1
DA:309,1
DA:310,1
DA:311,1
DA:312,1
DA:314,1
DA:317,1
DA:318,1
DA:320,1
DA:322,1
DA:326,1
DA:327,0
DA:328,1
DA:329,0
DA:330,0
DA:331,1
DA:332,0
DA:333,0
DA:334,1
DA:335,1
DA:341,1
DA:342,22
DA:343,0
DA:344,0
DA:345,0
DA:346,0
DA:347,0
DA:348,0
DA:349,0
DA:350,0
DA:351,0
DA:352,0
DA:356,1
DA:357,0
DA:358,1
DA:359,0
DA:360,1
DA:361,0
DA:362,1
DA:363,0
DA:364,1
DA:365,0
DA:366,1
DA:367,0
DA:368,1
DA:369,0
DA:370,1
DA:371,0
DA:375,1
DA:376,0
DA:377,1
DA:378,0
DA:379,1
DA:380,0
DA:381,1
DA:382,0
DA:385,1
DA:386,0
DA:387,0
DA:388,0
DA:391,1
DA:393,1
DA:404,0
DA:405,0
DA:408,0
DA:409,0
DA:411,0
DA:416,3
DA:417,1
DA:418,1
DA:420,1
DA:421,0
DA:422,0
DA:423,0
DA:427,1
DA:429,1
DA:435,0
DA:436,0
DA:439,0
DA:440,0
DA:442,0
DA:446,3
DA:447,1
DA:448,1
DA:450,1
DA:451,0
DA:452,0
DA:453,0
DA:455,1
DA:456,18
DA:459,1
DA:460,18
DA:463,1
DA:464,17
DA:468,1
DA:470,1
DA:476,0
DA:477,0
DA:480,0
DA:481,0
DA:483,0
DA:487,3
DA:488,1
DA:490,1
DA:493,1
DA:494,1
DA:498,1
DA:499,0
DA:500,0
DA:501,0
DA:504,1
DA:510,0
DA:511,0
DA:514,0
DA:515,0
DA:517,0
DA:522,3
DA:523,1
DA:525,1
DA:526,1
DA:528,1
DA:529,0
DA:530,0
DA:531,0
DA:534,1
DA:536,1
DA:537,0
DA:538,0
DA:539,0
DA:543,10
DA:546,1
DA:552,0
DA:553,0
DA:556,0
DA:557,0
DA:559,0
DA:563,3
DA:564,2
DA:565,2
DA:566,2
DA:567,2
DA:569,2
DA:570,2
DA:572,2
DA:573,0
DA:574,0
DA:575,0
DA:578,2
DA:580,2
DA:581,0
DA:582,0
DA:583,0
DA:587,2
DA:589,2
DA:590,1
DA:597,1
DA:600,1
DA:602,1
DA:604,1
DA:611,1
DA:612,1
DA:613,1
DA:616,1
DA:619,1
DA:621,1
DA:622,0
DA:623,0
DA:624,0
DA:630,1
DA:631,1
DA:632,1
DA:634,1
DA:635,1
DA:637,1
DA:639,1
DA:641,1
DA:650,0
DA:651,0
DA:654,0
DA:655,0
DA:657,0
LF:346
LH:152
BRDA:30,0,0,1
BRDA:30,0,1,0
BRDA:40,1,0,0
BRDA:40,1,1,1
BRDA:42,2,0,0
BRDA:42,2,1,0
BRDA:56,3,0,0
BRDA:56,3,1,1
BRDA:64,4,0,0
BRDA:64,4,1,1
BRDA:75,5,0,0
BRDA:75,5,1,0
BRDA:93,6,0,0
BRDA:93,6,1,1
BRDA:110,7,0,0
BRDA:110,7,1,0
BRDA:116,8,0,0
BRDA:116,8,1,0
BRDA:120,9,0,0
BRDA:120,9,1,0
BRDA:146,10,0,0
BRDA:146,10,1,0
BRDA:154,11,0,0
BRDA:154,11,1,0
BRDA:156,12,0,0
BRDA:156,12,1,0
BRDA:173,13,0,0
BRDA:173,13,1,0
BRDA:180,14,0,0
BRDA:180,14,1,0
BRDA:186,15,0,0
BRDA:186,15,1,0
BRDA:203,16,0,0
BRDA:203,16,1,0
BRDA:217,17,0,0
BRDA:217,17,1,0
BRDA:223,18,0,0
BRDA:223,18,1,0
BRDA:227,19,0,0
BRDA:227,19,1,0
BRDA:246,20,0,0
BRDA:246,20,1,1
BRDA:254,21,0,0
BRDA:254,21,1,1
BRDA:262,22,0,0
BRDA:262,22,1,1
BRDA:268,23,0,0
BRDA:268,23,1,1
BRDA:276,24,0,0
BRDA:276,24,1,1
BRDA:293,25,0,0
BRDA:293,25,1,0
BRDA:297,26,0,0
BRDA:297,26,1,0
BRDA:306,27,0,1
BRDA:306,27,1,1
BRDA:307,28,0,1
BRDA:307,28,1,1
BRDA:308,29,0,1
BRDA:308,29,1,1
BRDA:309,30,0,1
BRDA:309,30,1,1
BRDA:310,31,0,1
BRDA:310,31,1,1
BRDA:311,32,0,1
BRDA:311,32,1,1
BRDA:312,33,0,1
BRDA:312,33,1,1
BRDA:326,34,0,0
BRDA:326,34,1,1
BRDA:326,35,0,1
BRDA:326,35,1,0
BRDA:328,36,0,0
BRDA:328,36,1,1
BRDA:328,37,0,1
BRDA:328,37,1,0
BRDA:331,38,0,0
BRDA:331,38,1,1
BRDA:331,39,0,1
BRDA:331,39,1,1
BRDA:334,40,0,1
BRDA:334,40,1,0
BRDA:334,41,0,1
BRDA:334,41,1,1
BRDA:341,42,0,1
BRDA:341,42,1,0
BRDA:343,43,0,0
BRDA:343,43,1,0
BRDA:345,44,0,0
BRDA:345,44,1,0
BRDA:347,45,0,0
BRDA:347,45,1,0
BRDA:349,46,0,0
BRDA:349,46,1,0
BRDA:351,47,0,0
BRDA:351,47,1,0
BRDA:356,48,0,0
BRDA:356,48,1,1
BRDA:357,49,0,0
BRDA:357,49,1,0
BRDA:358,50,0,0
BRDA:358,50,1,1
BRDA:359,51,0,0
BRDA:359,51,1,0
BRDA:360,52,0,0
BRDA:360,52,1,1
BRDA:361,53,0,0
BRDA:361,53,1,0
BRDA:362,54,0,0
BRDA:362,54,1,1
BRDA:363,55,0,0
BRDA:363,55,1,0
BRDA:364,56,0,0
BRDA:364,56,1,1
BRDA:365,57,0,0
BRDA:365,57,1,0
BRDA:366,58,0,0
BRDA:366,58,1,1
BRDA:367,59,0,0
BRDA:367,59,1,0
BRDA:368,60,0,0
BRDA:368,60,1,1
BRDA:369,61,0,0
BRDA:369,61,1,0
BRDA:370,62,0,0
BRDA:370,62,1,1
BRDA:375,63,0,0
BRDA:375,63,1,1
BRDA:377,64,0,0
BRDA:377,64,1,1
BRDA:379,65,0,0
BRDA:379,65,1,1
BRDA:381,66,0,0
BRDA:381,66,1,1
BRDA:385,67,0,0
BRDA:385,67,1,1
BRDA:404,68,0,0
BRDA:404,68,1,0
BRDA:408,69,0,0
BRDA:408,69,1,0
BRDA:420,70,0,0
BRDA:420,70,1,1
BRDA:435,71,0,0
BRDA:435,71,1,0
BRDA:439,72,0,0
BRDA:439,72,1,0
BRDA:450,73,0,0
BRDA:450,73,1,1
BRDA:476,74,0,0
BRDA:476,74,1,0
BRDA:480,75,0,0
BRDA:480,75,1,0
BRDA:498,76,0,0
BRDA:498,76,1,1
BRDA:510,77,0,0
BRDA:510,77,1,0
BRDA:514,78,0,0
BRDA:514,78,1,0
BRDA:528,79,0,0
BRDA:528,79,1,1
BRDA:536,80,0,0
BRDA:536,80,1,1
BRDA:552,81,0,0
BRDA:552,81,1,0
BRDA:556,82,0,0
BRDA:556,82,1,0
BRDA:572,83,0,0
BRDA:572,83,1,2
BRDA:580,84,0,0
BRDA:580,84,1,2
BRDA:589,85,0,1
BRDA:589,85,1,1
BRDA:621,86,0,0
BRDA:621,86,1,1
BRDA:650,87,0,0
BRDA:650,87,1,0
BRDA:654,88,0,0
BRDA:654,88,1,0
BRF:178
BRH:58
end_of_record
TN:
SF:controllers\seller.js
FN:7,(anonymous_0)
FN:44,(anonymous_1)
FN:54,(anonymous_2)
FNF:3
FNH:1
FNDA:2,(anonymous_0)
FNDA:0,(anonymous_1)
FNDA:0,(anonymous_2)
DA:1,3
DA:2,3
DA:3,3
DA:4,3
DA:5,3
DA:7,3
DA:9,2
DA:11,2
DA:13,2
DA:14,2
DA:15,2
DA:16,2
DA:17,2
DA:18,2
DA:19,2
DA:20,2
DA:21,2
DA:22,2
DA:23,2
DA:24,2
DA:25,2
DA:26,2
DA:27,2
DA:28,2
DA:29,2
DA:30,2
DA:31,2
DA:32,2
DA:33,2
DA:34,2
DA:35,2
DA:37,2
DA:39,2
DA:40,2
DA:42,2
DA:43,0
DA:44,0
DA:45,0
DA:46,0
DA:52,2
DA:53,0
DA:54,0
DA:55,0
DA:56,0
DA:62,2
DA:64,2
DA:65,2
DA:68,0
DA:69,0
DA:72,0
DA:73,0
DA:76,0
DA:77,0
DA:78,0
DA:79,0
DA:82,2
DA:100,2
DA:101,0
DA:102,0
DA:103,0
DA:106,2
DA:120,2
DA:121,0
DA:122,0
DA:123,0
DA:126,2
DA:128,2
DA:129,0
DA:130,0
DA:131,0
DA:134,2
DA:135,2
DA:136,2
DA:137,2
DA:138,2
DA:139,2
DA:140,2
DA:142,2
DA:144,2
DA:145,0
DA:146,0
DA:147,0
DA:151,2
DA:159,0
DA:160,0
DA:163,0
DA:164,0
DA:167,0
DA:168,0
DA:170,0
LF:90
LH:55
BRDA:42,0,0,0
BRDA:42,0,1,2
BRDA:42,1,0,2
BRDA:42,1,1,0
BRDA:43,2,0,0
BRDA:43,2,1,0
BRDA:45,3,0,0
BRDA:45,3,1,0
BRDA:52,4,0,0
BRDA:52,4,1,2
BRDA:52,5,0,2
BRDA:52,5,1,0
BRDA:53,6,0,0
BRDA:53,6,1,0
BRDA:55,7,0,0
BRDA:55,7,1,0
BRDA:65,8,0,0
BRDA:65,8,1,2
BRDA:68,9,0,0
BRDA:68,9,1,0
BRDA:72,10,0,0
BRDA:72,10,1,0
BRDA:94,11,0,0
BRDA:94,11,1,2
BRDA:95,12,0,0
BRDA:95,12,1,2
BRDA:100,13,0,0
BRDA:100,13,1,2
BRDA:120,14,0,0
BRDA:120,14,1,2
BRDA:128,15,0,0
BRDA:128,15,1,2
BRDA:144,16,0,0
BRDA:144,16,1,2
BRDA:159,17,0,0
BRDA:159,17,1,0
BRDA:163,18,0,0
BRDA:163,18,1,0
BRDA:167,19,0,0
BRDA:167,19,1,0
BRF:40
BRH:11
end_of_record
TN:
SF:controllers\shop.js
FN:7,(anonymous_0)
FN:36,(anonymous_1)
FN:58,(anonymous_2)
FN:62,(anonymous_3)
FN:63,(anonymous_4)
FN:84,(anonymous_5)
FN:137,(anonymous_6)
FN:145,(anonymous_7)
FN:146,(anonymous_8)
FN:164,(anonymous_9)
FN:167,(anonymous_10)
FN:170,(anonymous_11)
FN:179,(anonymous_12)
FN:182,(anonymous_13)
FN:190,(anonymous_14)
FN:220,(anonymous_15)
FN:231,(anonymous_16)
FN:238,(anonymous_17)
FNF:18
FNH:0
FNDA:0,(anonymous_0)
FNDA:0,(anonymous_1)
FNDA:0,(anonymous_2)
FNDA:0,(anonymous_3)
FNDA:0,(anonymous_4)
FNDA:0,(anonymous_5)
FNDA:0,(anonymous_6)
FNDA:0,(anonymous_7)
FNDA:0,(anonymous_8)
FNDA:0,(anonymous_9)
FNDA:0,(anonymous_10)
FNDA:0,(anonymous_11)
FNDA:0,(anonymous_12)
FNDA:0,(anonymous_13)
FNDA:0,(anonymous_14)
FNDA:0,(anonymous_15)
FNDA:0,(anonymous_16)
FNDA:0,(anonymous_17)
DA:1,3
DA:2,3
DA:3,3
DA:4,3
DA:7,3
DA:9,0
DA:11,0
DA:13,0
DA:15,0
DA:16,0
DA:17,0
DA:18,0
DA:21,0
DA:28,0
DA:29,0
DA:31,0
DA:36,3
DA:38,0
DA:40,0
DA:42,0
DA:44,0
DA:45,0
DA:46,0
DA:47,0
DA:50,0
DA:52,0
DA:53,0
DA:54,0
DA:55,0
DA:58,0
DA:59,0
DA:62,0
DA:63,0
DA:64,0
DA:65,0
DA:70,0
DA:77,0
DA:78,0
DA:80,0
DA:84,3
DA:85,0
DA:87,0
DA:88,0
DA:90,0
DA:91,0
DA:92,0
DA:93,0
DA:96,0
DA:99,0
DA:101,0
DA:102,0
DA:106,0
DA:125,0
DA:130,0
DA:131,0
DA:133,0
DA:137,3
DA:138,0
DA:140,0
DA:141,0
DA:143,0
DA:145,0
DA:146,0
DA:147,0
DA:151,0
DA:157,0
DA:158,0
DA:160,0
DA:164,3
DA:165,0
DA:166,0
DA:167,0
DA:168,0
DA:169,0
DA:170,0
DA:171,0
DA:175,0
DA:176,0
DA:179,3
DA:180,0
DA:181,0
DA:182,0
DA:183,0
DA:184,0
DA:186,0
DA:187,0
DA:190,3
DA:191,0
DA:193,0
DA:194,0
DA:195,0
DA:196,0
DA:197,0
DA:199,0
DA:201,0
DA:203,0
DA:204,0
DA:205,0
DA:206,0
DA:209,0
DA:211,0
DA:212,0
DA:213,0
DA:214,0
DA:217,0
DA:220,0
DA:221,0
DA:222,0
DA:226,0
DA:228,0
DA:231,0
DA:232,0
DA:233,0
DA:238,0
DA:239,0
DA:243,0
DA:244,0
DA:247,0
DA:255,0
DA:261,0
DA:262,0
DA:264,0
LF:122
LH:11
BRDA:15,0,0,0
BRDA:15,0,1,0
BRDA:28,1,0,0
BRDA:28,1,1,0
BRDA:44,2,0,0
BRDA:44,2,1,0
BRDA:52,3,0,0
BRDA:52,3,1,0
BRDA:64,4,0,0
BRDA:64,4,1,0
BRDA:77,5,0,0
BRDA:77,5,1,0
BRDA:90,6,0,0
BRDA:90,6,1,0
BRDA:101,7,0,0
BRDA:101,7,1,0
BRDA:130,8,0,0
BRDA:130,8,1,0
BRDA:157,9,0,0
BRDA:157,9,1,0
BRDA:168,10,0,0
BRDA:168,10,1,0
BRDA:175,11,0,0
BRDA:175,11,1,0
BRDA:176,12,0,0
BRDA:176,12,1,0
BRDA:186,13,0,0
BRDA:186,13,1,0
BRDA:187,14,0,0
BRDA:187,14,1,0
BRDA:203,15,0,0
BRDA:203,15,1,0
BRDA:211,16,0,0
BRDA:211,16,1,0
BRDA:221,17,0,0
BRDA:221,17,1,0
BRDA:232,18,0,0
BRDA:232,18,1,0
BRDA:232,19,0,0
BRDA:232,19,1,0
BRDA:261,20,0,0
BRDA:261,20,1,0
BRF:42
BRH:0
end_of_record
TN:
SF:controllers\user.js
FN:8,(anonymous_0)
FN:71,(anonymous_1)
FN:97,(anonymous_2)
FN:136,(anonymous_3)
FN:160,(anonymous_4)
FN:177,(anonymous_5)
FN:209,(anonymous_6)
FN:239,(anonymous_7)
FN:269,(anonymous_8)
FN:314,(anonymous_9)
FNF:10
FNH:0
FNDA:0,(anonymous_0)
FNDA:0,(anonymous_1)
FNDA:0,(anonymous_2)
FNDA:0,(anonymous_3)
FNDA:0,(anonymous_4)
FNDA:0,(anonymous_5)
FNDA:0,(anonymous_6)
FNDA:0,(anonymous_7)
FNDA:0,(anonymous_8)
FNDA:0,(anonymous_9)
DA:1,3
DA:2,3
DA:3,3
DA:4,3
DA:5,3
DA:6,3
DA:8,3
DA:9,0
DA:11,0
DA:12,0
DA:14,0
DA:15,0
DA:16,0
DA:17,0
DA:18,0
DA:21,0
DA:23,0
DA:24,0
DA:25,0
DA:26,0
DA:29,0
DA:41,0
DA:42,0
DA:43,0
DA:44,0
DA:47,0
DA:50,0
DA:51,0
DA:54,0
DA:56,0
DA:64,0
DA:65,0
DA:67,0
DA:71,3
DA:72,0
DA:74,0
DA:75,0
DA:77,0
DA:78,0
DA:79,0
DA:80,0
DA:83,0
DA:89,0
DA:90,0
DA:92,0
DA:97,3
DA:98,0
DA:99,0
DA:101,0
DA:102,0
DA:104,0
DA:105,0
DA:106,0
DA:107,0
DA:110,0
DA:112,0
DA:113,0
DA:114,0
DA:115,0
DA:118,0
DA:120,0
DA:122,0
DA:128,0
DA:129,0
DA:131,0
DA:136,3
DA:137,0
DA:138,0
DA:140,0
DA:141,0
DA:143,0
DA:144,0
DA:145,0
DA:146,0
DA:149,0
DA:151,0
DA:152,0
DA:153,0
DA:154,0
DA:157,0
DA:160,0
DA:162,0
DA:164,0
DA:170,0
DA:171,0
DA:173,0
DA:177,3
DA:178,0
DA:179,0
DA:180,0
DA:182,0
DA:183,0
DA:185,0
DA:186,0
DA:187,0
DA:188,0
DA:191,0
DA:192,0
DA:194,0
DA:196,0
DA:202,0
DA:203,0
DA:205,0
DA:209,3
DA:210,0
DA:211,0
DA:213,0
DA:214,0
DA:216,0
DA:217,0
DA:218,0
DA:219,0
DA:222,0
DA:224,0
DA:226,0
DA:232,0
DA:233,0
DA:235,0
DA:239,3
DA:240,0
DA:241,0
DA:243,0
DA:244,0
DA:246,0
DA:247,0
DA:248,0
DA:249,0
DA:252,0
DA:254,0
DA:256,0
DA:262,0
DA:263,0
DA:265,0
DA:269,3
DA:270,0
DA:271,0
DA:273,0
DA:275,0
DA:276,0
DA:277,0
DA:278,0
DA:281,0
DA:283,0
DA:285,0
DA:286,0
DA:287,0
DA:288,0
DA:291,0
DA:293,0
DA:295,0
DA:303,0
DA:304,0
DA:307,0
DA:308,0
DA:310,0
DA:314,3
DA:315,0
DA:316,0
DA:317,0
DA:319,0
DA:320,0
DA:322,0
DA:323,0
DA:324,0
DA:325,0
DA:328,0
DA:330,0
DA:331,0
DA:332,0
DA:333,0
DA:336,0
DA:338,0
DA:339,0
DA:341,0
DA:347,0
DA:348,0
DA:350,0
LF:177
LH:15
BRDA:14,0,0,0
BRDA:14,0,1,0
BRDA:23,1,0,0
BRDA:23,1,1,0
BRDA:41,2,0,0
BRDA:41,2,1,0
BRDA:50,3,0,0
BRDA:50,3,1,0
BRDA:64,4,0,0
BRDA:64,4,1,0
BRDA:77,5,0,0
BRDA:77,5,1,0
BRDA:89,6,0,0
BRDA:89,6,1,0
BRDA:104,7,0,0
BRDA:104,7,1,0
BRDA:112,8,0,0
BRDA:112,8,1,0
BRDA:128,9,0,0
BRDA:128,9,1,0
BRDA:143,10,0,0
BRDA:143,10,1,0
BRDA:151,11,0,0
BRDA:151,11,1,0
BRDA:170,12,0,0
BRDA:170,12,1,0
BRDA:185,13,0,0
BRDA:185,13,1,0
BRDA:202,14,0,0
BRDA:202,14,1,0
BRDA:216,15,0,0
BRDA:216,15,1,0
BRDA:232,16,0,0
BRDA:232,16,1,0
BRDA:246,17,0,0
BRDA:246,17,1,0
BRDA:262,18,0,0
BRDA:262,18,1,0
BRDA:275,19,0,0
BRDA:275,19,1,0
BRDA:285,20,0,0
BRDA:285,20,1,0
BRDA:303,21,0,0
BRDA:303,21,1,0
BRDA:307,22,0,0
BRDA:307,22,1,0
BRDA:322,23,0,0
BRDA:322,23,1,0
BRDA:330,24,0,0
BRDA:330,24,1,0
BRDA:347,25,0,0
BRDA:347,25,1,0
BRF:52
BRH:0
end_of_record
TN:
SF:middlewares\isAuth.js
FN:4,(anonymous_0)
FNF:1
FNH:1
FNDA:8,(anonymous_0)
DA:1,3
DA:2,3
DA:4,3
DA:6,8
DA:8,8
DA:9,8
DA:14,8
DA:15,8
DA:16,0
DA:17,0
DA:18,0
DA:21,8
DA:22,8
DA:23,0
DA:24,0
DA:25,0
DA:29,8
DA:30,0
DA:31,0
DA:32,0
DA:36,8
DA:38,8
DA:39,0
DA:40,0
DA:41,0
DA:44,8
DA:45,8
DA:46,8
DA:48,8
DA:54,0
DA:55,0
DA:57,0
LF:32
LH:17
BRDA:8,0,0,8
BRDA:8,0,1,0
BRDA:15,1,0,0
BRDA:15,1,1,8
BRDA:22,2,0,0
BRDA:22,2,1,8
BRDA:29,3,0,0
BRDA:29,3,1,8
BRDA:38,4,0,0
BRDA:38,4,1,8
BRDA:54,5,0,0
BRDA:54,5,1,0
BRF:12
BRH:5
end_of_record
TN:
SF:models\address.js
FNF:0
FNH:0
DA:1,3
DA:3,3
DA:39,3
DA:41,3
LF:4
LH:4
BRF:0
BRH:0
end_of_record
TN:
SF:models\coupon.js
FNF:0
FNH:0
DA:1,3
DA:3,3
DA:44,3
DA:46,3
LF:4
LH:4
BRF:0
BRH:0
end_of_record
TN:
SF:models\event.js
FN:42,(anonymous_0)
FNF:1
FNH:0
FNDA:0,(anonymous_0)
DA:1,3
DA:4,3
DA:44,0
DA:76,3
DA:78,3
LF:5
LH:4
BRF:0
BRH:0
end_of_record
TN:
SF:models\order.js
FNF:0
FNH:0
DA:1,3
DA:3,3
DA:58,3
DA:60,3
LF:4
LH:4
BRF:0
BRH:0
end_of_record
TN:
SF:models\product.js
FNF:0
FNH:0
DA:1,3
DA:2,3
DA:4,3
DA:86,3
LF:4
LH:4
BRF:0
BRH:0
end_of_record
TN:
SF:models\shop.js
FNF:0
FNH:0
DA:1,3
DA:2,3
DA:4,3
DA:24,3
LF:4
LH:4
BRF:0
BRH:0
end_of_record
TN:
SF:models\user.js
FNF:0
FNH:0
DA:1,3
DA:2,3
DA:4,3
DA:25,3
LF:4
LH:4
BRF:0
BRH:0
end_of_record
TN:
SF:routes\auth.js
FN:17,(anonymous_0)
FN:19,(anonymous_1)
FN:26,(anonymous_2)
FN:58,(anonymous_3)
FNF:4
FNH:4
FNDA:4,(anonymous_0)
FNDA:4,(anonymous_1)
FNDA:4,(anonymous_2)
FNDA:1,(anonymous_3)
DA:1,3
DA:2,3
DA:3,3
DA:4,3
DA:6,3
DA:7,3
DA:9,3
DA:12,3
DA:18,4
DA:20,4
DA:21,1
DA:27,4
DA:28,0
DA:30,4
DA:35,3
DA:38,3
DA:41,3
DA:44,3
DA:47,3
DA:59,1
DA:60,0
DA:62,1
DA:68,3
DA:71,3
DA:73,3
LF:25
LH:23
BRDA:20,0,0,1
BRDA:20,0,1,3
BRDA:27,1,0,0
BRDA:27,1,1,4
BRDA:59,2,0,0
BRDA:59,2,1,1
BRF:6
BRH:4
end_of_record
TN:
SF:routes\coupon.js
FN:21,(anonymous_0)
FN:40,(anonymous_1)
FN:59,(anonymous_2)
FNF:3
FNH:0
FNDA:0,(anonymous_0)
FNDA:0,(anonymous_1)
FNDA:0,(anonymous_2)
DA:1,3
DA:2,3
DA:3,3
DA:4,3
DA:5,3
DA:6,3
DA:9,3
DA:22,0
DA:23,0
DA:24,0
DA:26,0
DA:41,0
DA:42,0
DA:44,0
DA:45,0
DA:47,0
DA:60,0
DA:61,0
DA:63,0
DA:78,3
DA:81,3
DA:84,3
DA:87,3
LF:23
LH:11
BRDA:23,0,0,0
BRDA:23,0,1,0
BRDA:41,1,0,0
BRDA:41,1,1,0
BRDA:41,2,0,0
BRDA:41,2,1,0
BRDA:41,2,2,0
BRDA:44,3,0,0
BRDA:44,3,1,0
BRDA:44,4,0,0
BRDA:44,4,1,0
BRDA:60,5,0,0
BRDA:60,5,1,0
BRF:13
BRH:0
end_of_record
TN:
SF:routes\event.js
FNF:0
FNH:0
DA:1,3
DA:2,3
DA:3,3
DA:4,3
DA:5,3
DA:6,3
DA:8,3
DA:11,3
DA:51,3
DA:54,3
DA:57,3
DA:60,3
DA:63,3
DA:67,3
LF:14
LH:14
BRF:0
BRH:0
end_of_record
TN:
SF:routes\order.js
FNF:0
FNH:0
DA:1,3
DA:2,3
DA:3,3
DA:4,3
DA:5,3
DA:9,3
DA:29,3
DA:32,3
DA:35,3
DA:37,3
LF:10
LH:10
BRF:0
BRH:0
end_of_record
TN:
SF:routes\payment.js
FNF:0
FNH:0
DA:1,3
DA:2,3
DA:4,3
DA:6,3
DA:10,3
DA:13,3
DA:16,3
DA:19,3
DA:21,3
LF:9
LH:9
BRF:0
BRH:0
end_of_record
TN:
SF:routes\product.js
FNF:0
FNH:0
DA:1,3
DA:2,3
DA:3,3
DA:4,3
DA:5,3
DA:7,3
DA:10,3
DA:21,3
DA:24,3
DA:27,3
DA:30,3
DA:37,3
DA:40,3
DA:43,3
DA:47,3
DA:59,3
LF:16
LH:16
BRF:0
BRH:0
end_of_record
TN:
SF:routes\seller.js
FN:17,(anonymous_0)
FN:19,(anonymous_1)
FNF:2
FNH:2
FNDA:2,(anonymous_0)
FNDA:2,(anonymous_1)
DA:1,3
DA:2,3
DA:3,3
DA:4,3
DA:6,3
DA:7,3
DA:9,3
DA:12,3
DA:18,2
DA:20,2
DA:21,0
DA:48,3
LF:12
LH:11
BRDA:20,0,0,0
BRDA:20,0,1,2
BRF:2
BRH:1
end_of_record
TN:
SF:routes\shop.js
FNF:0
FNH:0
DA:1,3
DA:2,3
DA:4,3
DA:5,3
DA:7,3
DA:10,3
DA:13,3
DA:16,3
DA:19,3
DA:22,3
DA:24,3
LF:11
LH:11
BRF:0
BRH:0
end_of_record
TN:
SF:routes\user.js
FN:51,(anonymous_0)
FNF:1
FNH:0
FNDA:0,(anonymous_0)
DA:1,3
DA:2,3
DA:4,3
DA:5,3
DA:6,3
DA:7,3
DA:10,3
DA:21,3
DA:24,3
DA:27,3
DA:33,3
DA:38,3
DA:43,3
DA:46,3
DA:52,0
DA:53,0
DA:55,0
DA:60,3
DA:63,3
LF:19
LH:16
BRDA:52,0,0,0
BRDA:52,0,1,0
BRF:2
BRH:0
end_of_record
TN:
SF:utils\authMailSender.js
FN:16,(anonymous_0)
FN:39,(anonymous_1)
FNF:2
FNH:2
FNDA:1,(anonymous_0)
FNDA:1,(anonymous_1)
DA:1,3
DA:4,3
DA:16,3
DA:17,1
DA:35,1
DA:39,3
DA:40,1
DA:50,1
DA:53,3
LF:9
LH:9
BRF:0
BRH:0
end_of_record
TN:
SF:utils\imageCleaner.js
FN:4,(anonymous_0)
FN:6,(anonymous_1)
FNF:2
FNH:2
FNDA:2,(anonymous_0)
FNDA:2,(anonymous_1)
DA:1,4
DA:2,4
DA:4,4
DA:5,2
DA:6,2
DA:9,4
LF:6
LH:6
BRF:0
BRH:0
end_of_record
TN:
SF:utils\ratingCalculator.js
FN:1,(anonymous_0)
FN:2,(anonymous_1)
FN:6,(anonymous_2)
FN:7,(anonymous_3)
FN:17,(anonymous_4)
FN:20,(anonymous_5)
FNF:6
FNH:6
FNDA:4,(anonymous_0)
FNDA:24,(anonymous_1)
FNDA:24,(anonymous_2)
FNDA:24,(anonymous_3)
FNDA:28,(anonymous_4)
FNDA:17,(anonymous_5)
DA:1,4
DA:2,4
DA:3,24
DA:6,4
DA:7,24
DA:8,24
DA:9,18
DA:14,4
DA:17,4
DA:18,28
DA:19,28
DA:20,28
DA:21,17
DA:22,17
DA:24,28
DA:25,28
DA:28,4
LF:17
LH:17
BRDA:8,0,0,18
BRDA:8,0,1,6
BRDA:24,1,0,17
BRDA:24,1,1,11
BRDA:25,2,0,28
BRDA:25,2,1,17
BRF:6
BRH:6
end_of_record
