TN:
SF:app.js
FN:15,(anonymous_0)
FN:22,(anonymous_1)
FN:25,(anonymous_2)
FN:44,(anonymous_3)
FN:89,(anonymous_4)
FN:99,(anonymous_5)
FN:101,(anonymous_6)
FN:102,(anonymous_7)
FN:114,(anonymous_8)
FN:115,(anonymous_9)
FN:120,(anonymous_10)
FN:133,(anonymous_11)
FN:134,(anonymous_12)
FN:139,(anonymous_13)
FN:140,(anonymous_14)
FN:144,(anonymous_15)
FN:145,(anonymous_16)
FN:149,(anonymous_17)
FN:150,(anonymous_18)
FN:154,(anonymous_19)
FN:158,(anonymous_20)
FN:162,(anonymous_21)
FN:170,(anonymous_22)
FNF:23
FNH:10
FNDA:0,(anonymous_0)
FNDA:0,(anonymous_1)
FNDA:0,(anonymous_2)
FNDA:26,(anonymous_3)
FNDA:3,(anonymous_4)
FNDA:6,(anonymous_5)
FNDA:6,(anonymous_6)
FNDA:6,(anonymous_7)
FNDA:3,(anonymous_8)
FNDA:3,(anonymous_9)
FNDA:3,(anonymous_10)
FNDA:3,(anonymous_11)
FNDA:3,(anonymous_12)
FNDA:0,(anonymous_13)
FNDA:0,(anonymous_14)
FNDA:0,(anonymous_15)
FNDA:0,(anonymous_16)
FNDA:0,(anonymous_17)
FNDA:0,(anonymous_18)
FNDA:0,(anonymous_19)
FNDA:0,(anonymous_20)
FNDA:0,(anonymous_21)
FNDA:0,(anonymous_22)
DA:1,3
DA:2,3
DA:3,3
DA:4,3
DA:5,3
DA:8,3
DA:9,3
DA:15,3
DA:16,0
DA:17,0
DA:18,0
DA:22,3
DA:23,0
DA:24,0
DA:25,0
DA:26,0
DA:32,3
DA:33,3
DA:34,3
DA:35,3
DA:36,3
DA:39,3
DA:43,3
DA:44,3
DA:45,26
DA:46,26
DA:47,26
DA:48,26
DA:50,26
DA:54,3
DA:57,3
DA:60,3
DA:63,3
DA:67,3
DA:68,3
DA:69,3
DA:70,3
DA:71,3
DA:72,3
DA:73,3
DA:74,3
DA:75,3
DA:78,3
DA:79,3
DA:80,3
DA:81,3
DA:82,3
DA:83,3
DA:84,3
DA:85,3
DA:86,3
DA:89,3
DA:90,3
DA:91,3
DA:92,3
DA:93,3
DA:94,3
DA:97,3
DA:99,3
DA:101,6
DA:102,6
DA:103,6
DA:104,0
DA:105,0
DA:107,6
DA:108,6
DA:109,6
DA:114,3
DA:115,3
DA:116,3
DA:117,0
DA:118,0
DA:120,3
DA:121,3
DA:122,0
DA:123,0
DA:125,3
DA:126,3
DA:132,3
DA:133,3
DA:135,3
DA:136,3
DA:139,3
DA:140,0
DA:144,3
DA:145,0
DA:149,3
DA:150,0
DA:153,3
DA:154,3
DA:155,0
DA:158,0
DA:159,0
DA:162,0
DA:163,0
DA:164,0
DA:170,0
DA:173,3
LF:98
LH:75
BRDA:8,0,0,3
BRDA:8,0,1,0
BRDA:91,1,0,3
BRDA:91,1,1,0
BRDA:97,2,0,3
BRDA:97,2,1,0
BRDA:103,3,0,0
BRDA:103,3,1,6
BRDA:116,4,0,0
BRDA:116,4,1,3
BRDA:121,5,0,0
BRDA:121,5,1,3
BRDA:145,6,0,0
BRDA:145,6,1,0
BRF:14
BRH:6
end_of_record
TN:
SF:multer.js
FN:6,(anonymous_0)
FN:9,(anonymous_1)
FN:15,(anonymous_2)
FNF:3
FNH:0
FNDA:0,(anonymous_0)
FNDA:0,(anonymous_1)
FNDA:0,(anonymous_2)
DA:1,3
DA:2,3
DA:5,3
DA:7,0
DA:10,0
DA:15,3
DA:16,0
DA:21,0
DA:23,0
DA:28,3
DA:37,3
LF:11
LH:6
BRDA:16,0,0,0
BRDA:16,0,1,0
BRDA:17,1,0,0
BRDA:17,1,1,0
BRDA:17,1,2,0
BRF:5
BRH:0
end_of_record
TN:
SF:socket.js
FN:4,(anonymous_0)
FN:13,(anonymous_1)
FNF:2
FNH:1
FNDA:3,(anonymous_0)
FNDA:0,(anonymous_1)
DA:3,3
DA:5,3
DA:11,3
DA:14,0
DA:15,0
DA:17,0
LF:6
LH:3
BRDA:14,0,0,0
BRDA:14,0,1,0
BRF:2
BRH:0
end_of_record
TN:
SF:constants\sortOptions.js
FNF:0
FNH:0
DA:1,3
DA:10,3
LF:2
LH:2
BRF:0
BRH:0
end_of_record
TN:
SF:controllers\auth.js
FN:9,(anonymous_0)
FN:86,(anonymous_1)
FN:161,(anonymous_2)
FN:233,(anonymous_3)
FN:310,(anonymous_4)
FN:359,(anonymous_5)
FN:431,(anonymous_6)
FN:478,(anonymous_7)
FNF:8
FNH:7
FNDA:4,(anonymous_0)
FNDA:6,(anonymous_1)
FNDA:0,(anonymous_2)
FNDA:1,(anonymous_3)
FNDA:1,(anonymous_4)
FNDA:1,(anonymous_5)
FNDA:1,(anonymous_6)
FNDA:1,(anonymous_7)
DA:1,3
DA:2,3
DA:3,3
DA:4,3
DA:5,3
DA:6,3
DA:7,3
DA:9,3
DA:11,4
DA:12,4
DA:13,4
DA:14,4
DA:18,4
DA:19,0
DA:20,0
DA:23,4
DA:25,4
DA:26,4
DA:28,1
DA:29,0
DA:32,1
DA:33,1
DA:34,1
DA:35,1
DA:38,3
DA:41,3
DA:43,0
DA:44,0
DA:45,0
DA:48,3
DA:61,3
DA:62,0
DA:63,0
DA:64,0
DA:68,3
DA:75,1
DA:76,0
DA:79,1
DA:80,0
DA:82,1
DA:86,3
DA:87,6
DA:88,6
DA:90,6
DA:91,6
DA:93,6
DA:94,1
DA:95,1
DA:96,1
DA:99,5
DA:100,0
DA:101,0
DA:102,0
DA:103,0
DA:106,5
DA:108,5
DA:109,1
DA:110,1
DA:111,1
DA:114,4
DA:121,4
DA:124,4
DA:131,4
DA:147,4
DA:153,2
DA:154,0
DA:156,2
DA:161,3
DA:162,0
DA:163,0
DA:166,0
DA:167,0
DA:168,0
DA:169,0
DA:170,0
DA:173,0
DA:174,0
DA:175,0
DA:176,0
DA:179,0
DA:181,0
DA:182,0
DA:183,0
DA:184,0
DA:187,0
DA:189,0
DA:190,0
DA:191,0
DA:192,0
DA:193,0
DA:194,0
DA:197,0
DA:198,0
DA:199,0
DA:200,0
DA:203,0
DA:204,0
DA:205,0
DA:206,0
DA:209,0
DA:211,0
DA:213,0
DA:214,0
DA:215,0
DA:216,0
DA:219,0
DA:225,0
DA:226,0
DA:228,0
DA:233,3
DA:234,1
DA:235,1
DA:237,1
DA:239,1
DA:240,1
DA:241,0
DA:242,0
DA:243,0
DA:246,1
DA:247,0
DA:248,0
DA:249,0
DA:254,1
DA:255,0
DA:256,0
DA:257,1
DA:258,1
DA:259,1
DA:261,0
DA:262,0
DA:263,0
DA:268,1
DA:269,0
DA:270,0
DA:271,0
DA:274,1
DA:275,0
DA:276,0
DA:277,0
DA:281,1
DA:286,1
DA:289,1
DA:291,1
DA:292,0
DA:293,0
DA:294,0
DA:298,1
DA:303,0
DA:304,0
DA:306,0
DA:310,3
DA:311,1
DA:313,1
DA:314,1
DA:315,0
DA:316,0
DA:317,0
DA:320,1
DA:322,1
DA:323,0
DA:324,0
DA:325,0
DA:329,1
DA:334,1
DA:337,1
DA:339,1
DA:340,0
DA:341,0
DA:342,0
DA:346,1
DA:352,0
DA:353,0
DA:355,0
DA:359,3
DA:360,1
DA:361,1
DA:363,1
DA:365,1
DA:366,1
DA:367,0
DA:368,0
DA:369,0
DA:370,0
DA:375,1
DA:376,1
DA:378,0
DA:379,0
DA:380,0
DA:383,1
DA:384,0
DA:385,0
DA:386,0
DA:389,1
DA:391,1
DA:393,1
DA:394,0
DA:395,0
DA:396,0
DA:399,1
DA:401,1
DA:402,0
DA:403,0
DA:404,0
DA:407,1
DA:409,1
DA:411,1
DA:412,0
DA:413,0
DA:414,0
DA:417,1
DA:423,0
DA:424,0
DA:426,0
DA:431,3
DA:432,1
DA:434,1
DA:435,1
DA:436,0
DA:437,0
DA:438,0
DA:441,1
DA:443,1
DA:444,0
DA:445,0
DA:446,0
DA:449,1
DA:465,1
DA:470,0
DA:471,0
DA:473,0
DA:478,3
DA:480,1
DA:482,1
DA:483,1
DA:484,0
DA:485,0
DA:486,0
DA:489,1
DA:493,0
DA:494,0
DA:496,0
LF:241
LH:112
BRDA:18,0,0,0
BRDA:18,0,1,4
BRDA:26,1,0,1
BRDA:26,1,1,3
BRDA:28,2,0,0
BRDA:28,2,1,1
BRDA:41,3,0,0
BRDA:41,3,1,3
BRDA:61,4,0,0
BRDA:61,4,1,3
BRDA:75,5,0,0
BRDA:75,5,1,1
BRDA:79,6,0,0
BRDA:79,6,1,1
BRDA:93,7,0,1
BRDA:93,7,1,5
BRDA:99,8,0,0
BRDA:99,8,1,5
BRDA:108,9,0,1
BRDA:108,9,1,4
BRDA:153,10,0,0
BRDA:153,10,1,2
BRDA:167,11,0,0
BRDA:167,11,1,0
BRDA:173,12,0,0
BRDA:173,12,1,0
BRDA:181,13,0,0
BRDA:181,13,1,0
BRDA:189,14,0,0
BRDA:189,14,1,0
BRDA:192,15,0,0
BRDA:192,15,1,0
BRDA:197,16,0,0
BRDA:197,16,1,0
BRDA:203,17,0,0
BRDA:203,17,1,0
BRDA:213,18,0,0
BRDA:213,18,1,0
BRDA:225,19,0,0
BRDA:225,19,1,0
BRDA:240,20,0,0
BRDA:240,20,1,1
BRDA:246,21,0,0
BRDA:246,21,1,1
BRDA:254,22,0,0
BRDA:254,22,1,1
BRDA:257,23,0,1
BRDA:257,23,1,0
BRDA:268,24,0,0
BRDA:268,24,1,1
BRDA:274,25,0,0
BRDA:274,25,1,1
BRDA:291,26,0,0
BRDA:291,26,1,1
BRDA:303,27,0,0
BRDA:303,27,1,0
BRDA:314,28,0,0
BRDA:314,28,1,1
BRDA:322,29,0,0
BRDA:322,29,1,1
BRDA:339,30,0,0
BRDA:339,30,1,1
BRDA:352,31,0,0
BRDA:352,31,1,0
BRDA:366,32,0,0
BRDA:366,32,1,1
BRDA:383,33,0,0
BRDA:383,33,1,1
BRDA:393,34,0,0
BRDA:393,34,1,1
BRDA:401,35,0,0
BRDA:401,35,1,1
BRDA:411,36,0,0
BRDA:411,36,1,1
BRDA:423,37,0,0
BRDA:423,37,1,0
BRDA:435,38,0,0
BRDA:435,38,1,1
BRDA:443,39,0,0
BRDA:443,39,1,1
BRDA:470,40,0,0
BRDA:470,40,1,0
BRDA:483,41,0,0
BRDA:483,41,1,1
BRDA:493,42,0,0
BRDA:493,42,1,0
BRF:86
BRH:32
end_of_record
TN:
SF:controllers\coupon.js
FN:8,(anonymous_0)
FN:47,(anonymous_1)
FN:78,(anonymous_2)
FN:121,(anonymous_3)
FN:168,(anonymous_4)
FN:185,(anonymous_5)
FN:194,(anonymous_6)
FN:195,(anonymous_7)
FN:227,(anonymous_8)
FN:238,(anonymous_9)
FNF:10
FNH:0
FNDA:0,(anonymous_0)
FNDA:0,(anonymous_1)
FNDA:0,(anonymous_2)
FNDA:0,(anonymous_3)
FNDA:0,(anonymous_4)
FNDA:0,(anonymous_5)
FNDA:0,(anonymous_6)
FNDA:0,(anonymous_7)
FNDA:0,(anonymous_8)
FNDA:0,(anonymous_9)
DA:1,3
DA:2,3
DA:3,3
DA:4,3
DA:5,3
DA:8,3
DA:12,0
DA:13,0
DA:16,0
DA:18,0
DA:22,0
DA:24,0
DA:25,0
DA:26,0
DA:27,0
DA:28,0
DA:32,0
DA:33,0
DA:34,0
DA:35,0
DA:36,0
DA:40,0
DA:43,0
DA:47,0
DA:51,0
DA:64,0
DA:67,0
DA:73,0
DA:78,3
DA:79,0
DA:80,0
DA:85,0
DA:86,0
DA:87,0
DA:88,0
DA:89,0
DA:90,0
DA:94,0
DA:97,0
DA:98,0
DA:99,0
DA:100,0
DA:104,0
DA:110,0
DA:111,0
DA:113,0
DA:114,0
DA:116,0
DA:121,3
DA:122,0
DA:123,0
DA:124,0
DA:129,0
DA:130,0
DA:131,0
DA:132,0
DA:133,0
DA:134,0
DA:138,0
DA:141,0
DA:142,0
DA:143,0
DA:144,0
DA:148,0
DA:151,0
DA:157,0
DA:158,0
DA:160,0
DA:161,0
DA:163,0
DA:168,3
DA:169,0
DA:170,0
DA:171,0
DA:174,0
DA:177,0
DA:178,0
DA:179,0
DA:180,0
DA:185,0
DA:187,0
DA:188,0
DA:189,0
DA:190,0
DA:194,0
DA:195,0
DA:196,0
DA:200,0
DA:203,0
DA:204,0
DA:205,0
DA:206,0
DA:210,0
DA:213,0
DA:214,0
DA:215,0
DA:216,0
DA:220,0
DA:221,0
DA:222,0
DA:223,0
DA:227,0
DA:231,0
DA:232,0
DA:233,0
DA:234,0
DA:238,0
DA:241,0
DA:242,0
DA:243,0
DA:244,0
DA:251,0
DA:252,0
DA:255,0
DA:264,0
DA:271,0
DA:272,0
DA:274,0
DA:275,0
DA:277,0
LF:120
LH:9
BRDA:24,0,0,0
BRDA:24,0,1,0
BRDA:33,1,0,0
BRDA:33,1,1,0
BRDA:87,2,0,0
BRDA:87,2,1,0
BRDA:97,3,0,0
BRDA:97,3,1,0
BRDA:110,4,0,0
BRDA:110,4,1,0
BRDA:113,5,0,0
BRDA:113,5,1,0
BRDA:131,6,0,0
BRDA:131,6,1,0
BRDA:141,7,0,0
BRDA:141,7,1,0
BRDA:157,8,0,0
BRDA:157,8,1,0
BRDA:160,9,0,0
BRDA:160,9,1,0
BRDA:177,10,0,0
BRDA:177,10,1,0
BRDA:187,11,0,0
BRDA:187,11,1,0
BRDA:203,12,0,0
BRDA:203,12,1,0
BRDA:213,13,0,0
BRDA:213,13,1,0
BRDA:220,14,0,0
BRDA:220,14,1,0
BRDA:231,15,0,0
BRDA:231,15,1,0
BRDA:241,16,0,0
BRDA:241,16,1,0
BRDA:251,17,0,0
BRDA:251,17,1,0
BRDA:271,18,0,0
BRDA:271,18,1,0
BRDA:274,19,0,0
BRDA:274,19,1,0
BRF:40
BRH:0
end_of_record
TN:
SF:controllers\event.js
FN:11,(anonymous_0)
FN:115,(anonymous_1)
FN:171,(anonymous_2)
FN:217,(anonymous_3)
FN:219,(anonymous_4)
FNF:5
FNH:0
FNDA:0,(anonymous_0)
FNDA:0,(anonymous_1)
FNDA:0,(anonymous_2)
FNDA:0,(anonymous_3)
FNDA:0,(anonymous_4)
DA:1,3
DA:2,3
DA:3,3
DA:4,3
DA:5,3
DA:6,3
DA:7,3
DA:11,3
DA:14,0
DA:16,0
DA:17,0
DA:18,0
DA:19,0
DA:20,0
DA:21,0
DA:22,0
DA:23,0
DA:24,0
DA:25,0
DA:26,0
DA:27,0
DA:30,0
DA:32,0
DA:33,0
DA:34,0
DA:35,0
DA:36,0
DA:40,0
DA:41,0
DA:44,0
DA:46,0
DA:48,0
DA:49,0
DA:50,0
DA:51,0
DA:54,0
DA:56,0
DA:57,0
DA:58,0
DA:59,0
DA:62,0
DA:64,0
DA:65,0
DA:66,0
DA:67,0
DA:70,0
DA:86,0
DA:87,0
DA:88,0
DA:89,0
DA:92,0
DA:100,0
DA:101,0
DA:104,0
DA:105,0
DA:108,0
DA:109,0
DA:111,0
DA:115,3
DA:116,0
DA:117,0
DA:119,0
DA:120,0
DA:122,0
DA:123,0
DA:124,0
DA:125,0
DA:128,0
DA:130,0
DA:131,0
DA:132,0
DA:133,0
DA:136,0
DA:137,0
DA:138,0
DA:139,0
DA:142,0
DA:144,0
DA:146,0
DA:147,0
DA:148,0
DA:149,0
DA:152,0
DA:160,0
DA:161,0
DA:164,0
DA:165,0
DA:167,0
DA:171,3
DA:172,0
DA:173,0
DA:175,0
DA:176,0
DA:178,0
DA:179,0
DA:180,0
DA:181,0
DA:184,0
DA:185,0
DA:186,0
DA:187,0
DA:190,0
DA:192,0
DA:193,0
DA:194,0
DA:195,0
DA:198,0
DA:206,0
DA:207,0
DA:210,0
DA:211,0
DA:213,0
DA:217,3
DA:218,0
DA:219,0
LF:115
LH:11
BRDA:33,0,0,0
BRDA:33,0,1,0
BRDA:44,1,0,0
BRDA:44,1,1,0
BRDA:56,2,0,0
BRDA:56,2,1,0
BRDA:64,3,0,0
BRDA:64,3,1,0
BRDA:86,4,0,0
BRDA:86,4,1,0
BRDA:100,5,0,0
BRDA:100,5,1,0
BRDA:104,6,0,0
BRDA:104,6,1,0
BRDA:108,7,0,0
BRDA:108,7,1,0
BRDA:122,8,0,0
BRDA:122,8,1,0
BRDA:130,9,0,0
BRDA:130,9,1,0
BRDA:136,10,0,0
BRDA:136,10,1,0
BRDA:146,11,0,0
BRDA:146,11,1,0
BRDA:160,12,0,0
BRDA:160,12,1,0
BRDA:164,13,0,0
BRDA:164,13,1,0
BRDA:178,14,0,0
BRDA:178,14,1,0
BRDA:184,15,0,0
BRDA:184,15,1,0
BRDA:192,16,0,0
BRDA:192,16,1,0
BRDA:206,17,0,0
BRDA:206,17,1,0
BRDA:210,18,0,0
BRDA:210,18,1,0
BRF:38
BRH:0
end_of_record
TN:
SF:controllers\order.js
FN:24,(anonymous_0)
FN:49,(anonymous_1)
FN:60,(anonymous_2)
FN:61,(anonymous_3)
FN:67,(anonymous_4)
FN:79,(anonymous_5)
FN:80,(anonymous_6)
FN:85,(anonymous_7)
FN:91,(anonymous_8)
FN:147,(anonymous_9)
FN:158,(anonymous_10)
FN:223,(anonymous_11)
FN:256,(anonymous_12)
FN:293,(anonymous_13)
FNF:14
FNH:0
FNDA:0,(anonymous_0)
FNDA:0,(anonymous_1)
FNDA:0,(anonymous_2)
FNDA:0,(anonymous_3)
FNDA:0,(anonymous_4)
FNDA:0,(anonymous_5)
FNDA:0,(anonymous_6)
FNDA:0,(anonymous_7)
FNDA:0,(anonymous_8)
FNDA:0,(anonymous_9)
FNDA:0,(anonymous_10)
FNDA:0,(anonymous_11)
FNDA:0,(anonymous_12)
FNDA:0,(anonymous_13)
DA:1,3
DA:2,3
DA:3,3
DA:4,3
DA:5,3
DA:6,3
DA:7,3
DA:9,3
DA:24,3
DA:25,0
DA:26,0
DA:29,0
DA:30,0
DA:31,0
DA:32,0
DA:35,0
DA:37,0
DA:40,0
DA:42,0
DA:43,0
DA:44,0
DA:45,0
DA:46,0
DA:49,0
DA:51,0
DA:53,0
DA:54,0
DA:55,0
DA:56,0
DA:60,0
DA:61,0
DA:62,0
DA:67,0
DA:68,0
DA:71,0
DA:72,0
DA:73,0
DA:74,0
DA:75,0
DA:79,0
DA:80,0
DA:81,0
DA:85,0
DA:89,0
DA:91,0
DA:92,0
DA:93,0
DA:95,0
DA:98,0
DA:109,0
DA:111,0
DA:112,0
DA:113,0
DA:114,0
DA:121,0
DA:122,0
DA:124,0
DA:125,0
DA:126,0
DA:127,0
DA:132,0
DA:134,0
DA:135,0
DA:136,0
DA:140,0
DA:141,0
DA:142,0
DA:143,0
DA:147,0
DA:148,0
DA:158,0
DA:159,0
DA:162,0
DA:163,0
DA:167,0
DA:180,0
DA:182,0
DA:183,0
DA:184,0
DA:185,0
DA:189,0
DA:192,0
DA:194,0
DA:195,0
DA:196,0
DA:198,0
DA:203,0
DA:210,0
DA:211,0
DA:214,0
DA:215,0
DA:218,0
DA:223,3
DA:224,0
DA:226,0
DA:228,0
DA:230,0
DA:231,0
DA:232,0
DA:233,0
DA:236,0
DA:243,0
DA:244,0
DA:247,0
DA:248,0
DA:251,0
DA:256,3
DA:257,0
DA:259,0
DA:261,0
DA:263,0
DA:265,0
DA:267,0
DA:268,0
DA:269,0
DA:270,0
DA:273,0
DA:280,0
DA:281,0
DA:284,0
DA:285,0
DA:288,0
DA:293,3
DA:294,0
DA:295,0
DA:297,0
DA:299,0
DA:301,0
DA:302,0
DA:303,0
DA:304,0
DA:307,0
DA:309,0
DA:311,0
DA:312,0
DA:313,0
DA:314,0
DA:317,0
DA:326,0
DA:327,0
DA:330,0
DA:331,0
DA:334,0
LF:143
LH:12
BRDA:29,0,0,0
BRDA:29,0,1,0
BRDA:42,1,0,0
BRDA:42,1,1,0
BRDA:53,2,0,0
BRDA:53,2,1,0
BRDA:71,3,0,0
BRDA:71,3,1,0
BRDA:92,4,0,0
BRDA:92,4,1,0
BRDA:111,5,0,0
BRDA:111,5,1,0
BRDA:121,6,0,0
BRDA:121,6,1,0
BRDA:121,7,0,0
BRDA:121,7,1,0
BRDA:124,8,0,0
BRDA:124,8,1,0
BRDA:140,9,0,0
BRDA:140,9,1,0
BRDA:162,10,0,0
BRDA:162,10,1,0
BRDA:182,11,0,0
BRDA:182,11,1,0
BRDA:210,12,0,0
BRDA:210,12,1,0
BRDA:214,13,0,0
BRDA:214,13,1,0
BRDA:230,14,0,0
BRDA:230,14,1,0
BRDA:243,15,0,0
BRDA:243,15,1,0
BRDA:247,16,0,0
BRDA:247,16,1,0
BRDA:267,17,0,0
BRDA:267,17,1,0
BRDA:280,18,0,0
BRDA:280,18,1,0
BRDA:284,19,0,0
BRDA:284,19,1,0
BRDA:301,20,0,0
BRDA:301,20,1,0
BRDA:311,21,0,0
BRDA:311,21,1,0
BRDA:326,22,0,0
BRDA:326,22,1,0
BRDA:330,23,0,0
BRDA:330,23,1,0
BRF:48
BRH:0
end_of_record
TN:
SF:controllers\payment.js
FN:2,(anonymous_0)
FN:27,(anonymous_1)
FN:34,(anonymous_2)
FN:62,(anonymous_3)
FN:80,(anonymous_4)
FN:103,(anonymous_5)
FN:153,(anonymous_6)
FN:174,handleResponse
FNF:8
FNH:0
FNDA:0,(anonymous_0)
FNDA:0,(anonymous_1)
FNDA:0,(anonymous_2)
FNDA:0,(anonymous_3)
FNDA:0,(anonymous_4)
FNDA:0,(anonymous_5)
FNDA:0,(anonymous_6)
FNDA:0,handleResponse
DA:1,3
DA:2,3
DA:4,0
DA:7,0
DA:14,0
DA:15,0
DA:21,0
DA:27,3
DA:28,0
DA:34,3
DA:36,0
DA:52,0
DA:53,0
DA:54,0
DA:56,0
DA:57,0
DA:62,3
DA:63,0
DA:65,0
DA:66,0
DA:67,0
DA:69,0
DA:70,0
DA:75,3
DA:76,3
DA:77,3
DA:80,3
DA:81,0
DA:82,0
DA:83,0
DA:85,0
DA:88,0
DA:96,0
DA:97,0
DA:99,0
DA:103,3
DA:120,0
DA:122,0
DA:123,0
DA:124,0
DA:136,0
DA:150,0
DA:153,3
DA:155,0
DA:156,0
DA:158,0
DA:171,0
DA:175,0
DA:176,0
DA:177,0
DA:182,0
DA:183,0
LF:52
LH:11
BRDA:14,0,0,0
BRDA:14,0,1,0
BRDA:82,1,0,0
BRDA:82,1,1,0
BRDA:82,2,0,0
BRDA:82,2,1,0
BRF:6
BRH:0
end_of_record
TN:
SF:controllers\product.js
FN:14,(anonymous_0)
FN:36,(anonymous_1)
FN:48,(anonymous_2)
FN:77,(anonymous_3)
FN:112,(anonymous_4)
FN:128,(anonymous_5)
FN:188,(anonymous_6)
FN:226,(anonymous_7)
FN:228,(anonymous_8)
FN:230,(anonymous_9)
FN:232,(anonymous_10)
FN:234,(anonymous_11)
FN:236,(anonymous_12)
FN:241,(anonymous_13)
FN:243,(anonymous_14)
FN:245,(anonymous_15)
FN:247,(anonymous_16)
FN:249,(anonymous_17)
FN:251,(anonymous_18)
FN:253,(anonymous_19)
FN:255,(anonymous_20)
FN:260,(anonymous_21)
FN:262,(anonymous_22)
FN:264,(anonymous_23)
FN:266,(anonymous_24)
FN:300,(anonymous_25)
FN:330,(anonymous_26)
FN:339,(anonymous_27)
FN:343,(anonymous_28)
FN:348,(anonymous_29)
FN:371,(anonymous_30)
FN:406,(anonymous_31)
FN:444,(anonymous_32)
FN:468,(anonymous_33)
FNF:34
FNH:13
FNDA:1,(anonymous_0)
FNDA:0,(anonymous_1)
FNDA:0,(anonymous_2)
FNDA:0,(anonymous_3)
FNDA:0,(anonymous_4)
FNDA:1,(anonymous_5)
FNDA:1,(anonymous_6)
FNDA:23,(anonymous_7)
FNDA:0,(anonymous_8)
FNDA:0,(anonymous_9)
FNDA:0,(anonymous_10)
FNDA:0,(anonymous_11)
FNDA:0,(anonymous_12)
FNDA:0,(anonymous_13)
FNDA:0,(anonymous_14)
FNDA:0,(anonymous_15)
FNDA:0,(anonymous_16)
FNDA:0,(anonymous_17)
FNDA:0,(anonymous_18)
FNDA:0,(anonymous_19)
FNDA:0,(anonymous_20)
FNDA:0,(anonymous_21)
FNDA:0,(anonymous_22)
FNDA:0,(anonymous_23)
FNDA:0,(anonymous_24)
FNDA:1,(anonymous_25)
FNDA:1,(anonymous_26)
FNDA:60,(anonymous_27)
FNDA:60,(anonymous_28)
FNDA:258,(anonymous_29)
FNDA:1,(anonymous_30)
FNDA:1,(anonymous_31)
FNDA:2,(anonymous_32)
FNDA:1,(anonymous_33)
DA:1,3
DA:2,3
DA:3,3
DA:4,3
DA:5,3
DA:6,3
DA:7,3
DA:8,3
DA:9,3
DA:10,3
DA:14,3
DA:16,1
DA:17,1
DA:20,1
DA:22,1
DA:23,1
DA:24,1
DA:25,1
DA:26,1
DA:27,1
DA:28,1
DA:29,1
DA:31,1
DA:32,1
DA:34,1
DA:35,1
DA:36,1
DA:37,0
DA:38,0
DA:39,0
DA:45,1
DA:47,0
DA:48,0
DA:49,0
DA:53,0
DA:54,0
DA:55,0
DA:56,0
DA:59,1
DA:61,1
DA:62,0
DA:63,0
DA:64,0
DA:67,1
DA:69,1
DA:70,0
DA:71,0
DA:72,0
DA:75,1
DA:77,1
DA:78,0
DA:82,0
DA:85,1
DA:98,1
DA:99,0
DA:100,0
DA:101,0
DA:104,1
DA:111,0
DA:112,0
DA:113,0
DA:117,0
DA:118,0
DA:121,0
DA:122,0
DA:124,0
DA:128,3
DA:129,1
DA:130,1
DA:134,1
DA:135,1
DA:137,1
DA:138,0
DA:139,0
DA:140,0
DA:143,1
DA:145,1
DA:146,0
DA:147,0
DA:148,0
DA:151,1
DA:152,0
DA:153,0
DA:154,0
DA:162,1
DA:164,1
DA:165,0
DA:166,0
DA:167,0
DA:170,1
DA:177,0
DA:178,0
DA:181,0
DA:182,0
DA:184,0
DA:188,3
DA:190,1
DA:191,1
DA:192,1
DA:193,1
DA:194,1
DA:195,1
DA:196,1
DA:198,1
DA:201,1
DA:202,1
DA:204,1
DA:206,1
DA:210,1
DA:211,0
DA:212,1
DA:213,0
DA:214,0
DA:215,1
DA:216,0
DA:217,0
DA:218,1
DA:219,1
DA:225,1
DA:226,23
DA:227,0
DA:228,0
DA:229,0
DA:230,0
DA:231,0
DA:232,0
DA:233,0
DA:234,0
DA:235,0
DA:236,0
DA:240,1
DA:241,0
DA:242,1
DA:243,0
DA:244,1
DA:245,0
DA:246,1
DA:247,0
DA:248,1
DA:249,0
DA:250,1
DA:251,0
DA:252,1
DA:253,0
DA:254,1
DA:255,0
DA:259,1
DA:260,0
DA:261,1
DA:262,0
DA:263,1
DA:264,0
DA:265,1
DA:266,0
DA:269,1
DA:270,0
DA:271,0
DA:272,0
DA:275,1
DA:277,1
DA:288,0
DA:289,0
DA:292,0
DA:293,0
DA:295,0
DA:300,3
DA:301,1
DA:302,1
DA:304,1
DA:305,0
DA:306,0
DA:307,0
DA:311,1
DA:313,1
DA:319,0
DA:320,0
DA:323,0
DA:324,0
DA:326,0
DA:330,3
DA:331,1
DA:332,1
DA:334,1
DA:335,0
DA:336,0
DA:337,0
DA:339,1
DA:340,60
DA:343,1
DA:344,60
DA:347,1
DA:348,258
DA:352,1
DA:354,1
DA:360,0
DA:361,0
DA:364,0
DA:365,0
DA:367,0
DA:371,3
DA:372,1
DA:374,1
DA:377,1
DA:378,1
DA:382,1
DA:383,0
DA:384,0
DA:385,0
DA:388,1
DA:394,0
DA:395,0
DA:398,0
DA:399,0
DA:401,0
DA:406,3
DA:407,1
DA:409,1
DA:410,1
DA:412,1
DA:413,0
DA:414,0
DA:415,0
DA:418,1
DA:420,1
DA:421,0
DA:422,0
DA:423,0
DA:427,1
DA:433,0
DA:434,0
DA:437,0
DA:438,0
DA:440,0
DA:444,3
DA:445,2
DA:446,2
DA:447,2
DA:448,2
DA:450,2
DA:451,2
DA:453,2
DA:454,0
DA:455,0
DA:456,0
DA:459,2
DA:461,2
DA:462,0
DA:463,0
DA:464,0
DA:468,2
DA:470,2
DA:471,1
DA:478,1
DA:481,1
DA:483,1
DA:485,1
DA:492,1
DA:493,1
DA:494,1
DA:497,1
DA:499,1
DA:501,1
DA:510,0
DA:511,0
DA:514,0
DA:515,0
DA:517,0
LF:267
LH:140
BRDA:35,0,0,1
BRDA:35,0,1,0
BRDA:45,1,0,0
BRDA:45,1,1,1
BRDA:47,2,0,0
BRDA:47,2,1,0
BRDA:61,3,0,0
BRDA:61,3,1,1
BRDA:69,4,0,0
BRDA:69,4,1,1
BRDA:80,5,0,0
BRDA:80,5,1,0
BRDA:98,6,0,0
BRDA:98,6,1,1
BRDA:111,7,0,0
BRDA:111,7,1,0
BRDA:117,8,0,0
BRDA:117,8,1,0
BRDA:121,9,0,0
BRDA:121,9,1,0
BRDA:137,10,0,0
BRDA:137,10,1,1
BRDA:145,11,0,0
BRDA:145,11,1,1
BRDA:151,12,0,0
BRDA:151,12,1,1
BRDA:164,13,0,0
BRDA:164,13,1,1
BRDA:177,14,0,0
BRDA:177,14,1,0
BRDA:181,15,0,0
BRDA:181,15,1,0
BRDA:190,16,0,1
BRDA:190,16,1,1
BRDA:191,17,0,1
BRDA:191,17,1,1
BRDA:192,18,0,1
BRDA:192,18,1,1
BRDA:193,19,0,1
BRDA:193,19,1,1
BRDA:194,20,0,1
BRDA:194,20,1,1
BRDA:195,21,0,1
BRDA:195,21,1,1
BRDA:196,22,0,1
BRDA:196,22,1,1
BRDA:210,23,0,0
BRDA:210,23,1,1
BRDA:210,24,0,1
BRDA:210,24,1,0
BRDA:212,25,0,0
BRDA:212,25,1,1
BRDA:212,26,0,1
BRDA:212,26,1,0
BRDA:215,27,0,0
BRDA:215,27,1,1
BRDA:215,28,0,1
BRDA:215,28,1,1
BRDA:218,29,0,1
BRDA:218,29,1,0
BRDA:218,30,0,1
BRDA:218,30,1,1
BRDA:225,31,0,1
BRDA:225,31,1,0
BRDA:227,32,0,0
BRDA:227,32,1,0
BRDA:229,33,0,0
BRDA:229,33,1,0
BRDA:231,34,0,0
BRDA:231,34,1,0
BRDA:233,35,0,0
BRDA:233,35,1,0
BRDA:235,36,0,0
BRDA:235,36,1,0
BRDA:240,37,0,0
BRDA:240,37,1,1
BRDA:241,38,0,0
BRDA:241,38,1,0
BRDA:242,39,0,0
BRDA:242,39,1,1
BRDA:243,40,0,0
BRDA:243,40,1,0
BRDA:244,41,0,0
BRDA:244,41,1,1
BRDA:245,42,0,0
BRDA:245,42,1,0
BRDA:246,43,0,0
BRDA:246,43,1,1
BRDA:247,44,0,0
BRDA:247,44,1,0
BRDA:248,45,0,0
BRDA:248,45,1,1
BRDA:249,46,0,0
BRDA:249,46,1,0
BRDA:250,47,0,0
BRDA:250,47,1,1
BRDA:251,48,0,0
BRDA:251,48,1,0
BRDA:252,49,0,0
BRDA:252,49,1,1
BRDA:253,50,0,0
BRDA:253,50,1,0
BRDA:254,51,0,0
BRDA:254,51,1,1
BRDA:259,52,0,0
BRDA:259,52,1,1
BRDA:261,53,0,0
BRDA:261,53,1,1
BRDA:263,54,0,0
BRDA:263,54,1,1
BRDA:265,55,0,0
BRDA:265,55,1,1
BRDA:269,56,0,0
BRDA:269,56,1,1
BRDA:288,57,0,0
BRDA:288,57,1,0
BRDA:292,58,0,0
BRDA:292,58,1,0
BRDA:304,59,0,0
BRDA:304,59,1,1
BRDA:319,60,0,0
BRDA:319,60,1,0
BRDA:323,61,0,0
BRDA:323,61,1,0
BRDA:334,62,0,0
BRDA:334,62,1,1
BRDA:360,63,0,0
BRDA:360,63,1,0
BRDA:364,64,0,0
BRDA:364,64,1,0
BRDA:382,65,0,0
BRDA:382,65,1,1
BRDA:394,66,0,0
BRDA:394,66,1,0
BRDA:398,67,0,0
BRDA:398,67,1,0
BRDA:412,68,0,0
BRDA:412,68,1,1
BRDA:420,69,0,0
BRDA:420,69,1,1
BRDA:433,70,0,0
BRDA:433,70,1,0
BRDA:437,71,0,0
BRDA:437,71,1,0
BRDA:453,72,0,0
BRDA:453,72,1,2
BRDA:461,73,0,0
BRDA:461,73,1,2
BRDA:470,74,0,1
BRDA:470,74,1,1
BRDA:510,75,0,0
BRDA:510,75,1,0
BRDA:514,76,0,0
BRDA:514,76,1,0
BRF:154
BRH:56
end_of_record
TN:
SF:controllers\seller.js
FN:7,(anonymous_0)
FNF:1
FNH:1
FNDA:2,(anonymous_0)
DA:1,3
DA:2,3
DA:3,3
DA:4,3
DA:5,3
DA:7,3
DA:9,2
DA:11,2
DA:12,2
DA:13,2
DA:14,2
DA:15,2
DA:16,2
DA:17,2
DA:18,2
DA:19,2
DA:20,2
DA:21,2
DA:22,2
DA:23,2
DA:24,2
DA:25,2
DA:26,2
DA:27,2
DA:28,2
DA:29,2
DA:30,2
DA:34,2
DA:35,0
DA:36,0
DA:39,2
DA:41,2
DA:42,2
DA:44,0
DA:45,0
DA:48,0
DA:49,0
DA:50,0
DA:51,0
DA:54,2
DA:69,2
DA:70,0
DA:71,0
DA:72,0
DA:75,2
DA:87,2
DA:88,0
DA:89,0
DA:90,0
DA:93,2
DA:95,2
DA:96,0
DA:97,0
DA:98,0
DA:101,2
DA:102,2
DA:103,2
DA:104,2
DA:105,2
DA:106,2
DA:107,2
DA:109,2
DA:111,2
DA:112,0
DA:113,0
DA:114,0
DA:118,2
DA:126,0
DA:127,0
DA:130,0
DA:131,0
DA:134,0
DA:135,0
DA:137,0
LF:74
LH:47
BRDA:34,0,0,0
BRDA:34,0,1,2
BRDA:42,1,0,0
BRDA:42,1,1,2
BRDA:44,2,0,0
BRDA:44,2,1,0
BRDA:69,3,0,0
BRDA:69,3,1,2
BRDA:87,4,0,0
BRDA:87,4,1,2
BRDA:95,5,0,0
BRDA:95,5,1,2
BRDA:111,6,0,0
BRDA:111,6,1,2
BRDA:126,7,0,0
BRDA:126,7,1,0
BRDA:130,8,0,0
BRDA:130,8,1,0
BRDA:134,9,0,0
BRDA:134,9,1,0
BRF:20
BRH:6
end_of_record
TN:
SF:controllers\shop.js
FN:9,(anonymous_0)
FN:86,(anonymous_1)
FN:115,(anonymous_2)
FN:137,(anonymous_3)
FN:141,(anonymous_4)
FN:142,(anonymous_5)
FN:163,(anonymous_6)
FN:215,(anonymous_7)
FN:223,(anonymous_8)
FN:224,(anonymous_9)
FN:242,(anonymous_10)
FN:245,(anonymous_11)
FN:248,(anonymous_12)
FN:257,(anonymous_13)
FN:260,(anonymous_14)
FN:269,(anonymous_15)
FN:271,(anonymous_16)
FNF:17
FNH:0
FNDA:0,(anonymous_0)
FNDA:0,(anonymous_1)
FNDA:0,(anonymous_2)
FNDA:0,(anonymous_3)
FNDA:0,(anonymous_4)
FNDA:0,(anonymous_5)
FNDA:0,(anonymous_6)
FNDA:0,(anonymous_7)
FNDA:0,(anonymous_8)
FNDA:0,(anonymous_9)
FNDA:0,(anonymous_10)
FNDA:0,(anonymous_11)
FNDA:0,(anonymous_12)
FNDA:0,(anonymous_13)
FNDA:0,(anonymous_14)
FNDA:0,(anonymous_15)
FNDA:0,(anonymous_16)
DA:1,3
DA:2,3
DA:3,3
DA:4,3
DA:5,3
DA:6,3
DA:9,3
DA:11,0
DA:12,0
DA:13,0
DA:14,0
DA:15,0
DA:16,0
DA:17,0
DA:21,0
DA:22,0
DA:23,0
DA:26,0
DA:28,0
DA:29,0
DA:31,0
DA:32,0
DA:35,0
DA:36,0
DA:37,0
DA:38,0
DA:41,0
DA:44,0
DA:46,0
DA:47,0
DA:48,0
DA:51,0
DA:61,0
DA:62,0
DA:63,0
DA:64,0
DA:68,0
DA:75,0
DA:76,0
DA:79,0
DA:80,0
DA:82,0
DA:86,3
DA:88,0
DA:90,0
DA:92,0
DA:94,0
DA:95,0
DA:96,0
DA:97,0
DA:100,0
DA:107,0
DA:108,0
DA:110,0
DA:115,3
DA:117,0
DA:119,0
DA:121,0
DA:123,0
DA:124,0
DA:125,0
DA:126,0
DA:129,0
DA:131,0
DA:132,0
DA:133,0
DA:134,0
DA:137,0
DA:138,0
DA:141,0
DA:142,0
DA:143,0
DA:144,0
DA:149,0
DA:156,0
DA:157,0
DA:159,0
DA:163,3
DA:164,0
DA:166,0
DA:167,0
DA:169,0
DA:170,0
DA:171,0
DA:172,0
DA:175,0
DA:178,0
DA:180,0
DA:181,0
DA:185,0
DA:203,0
DA:208,0
DA:209,0
DA:211,0
DA:215,3
DA:216,0
DA:218,0
DA:219,0
DA:221,0
DA:223,0
DA:224,0
DA:225,0
DA:229,0
DA:235,0
DA:236,0
DA:238,0
DA:242,3
DA:243,0
DA:244,0
DA:245,0
DA:246,0
DA:247,0
DA:248,0
DA:249,0
DA:253,0
DA:254,0
DA:257,3
DA:258,0
DA:259,0
DA:260,0
DA:261,0
DA:262,0
DA:264,0
DA:265,0
DA:269,3
DA:270,0
DA:271,0
LF:127
LH:14
BRDA:21,0,0,0
BRDA:21,0,1,0
BRDA:29,1,0,0
BRDA:29,1,1,0
BRDA:31,2,0,0
BRDA:31,2,1,0
BRDA:44,3,0,0
BRDA:44,3,1,0
BRDA:61,4,0,0
BRDA:61,4,1,0
BRDA:75,5,0,0
BRDA:75,5,1,0
BRDA:79,6,0,0
BRDA:79,6,1,0
BRDA:94,7,0,0
BRDA:94,7,1,0
BRDA:107,8,0,0
BRDA:107,8,1,0
BRDA:123,9,0,0
BRDA:123,9,1,0
BRDA:131,10,0,0
BRDA:131,10,1,0
BRDA:143,11,0,0
BRDA:143,11,1,0
BRDA:156,12,0,0
BRDA:156,12,1,0
BRDA:169,13,0,0
BRDA:169,13,1,0
BRDA:180,14,0,0
BRDA:180,14,1,0
BRDA:208,15,0,0
BRDA:208,15,1,0
BRDA:235,16,0,0
BRDA:235,16,1,0
BRDA:246,17,0,0
BRDA:246,17,1,0
BRDA:253,18,0,0
BRDA:253,18,1,0
BRDA:254,19,0,0
BRDA:254,19,1,0
BRDA:264,20,0,0
BRDA:264,20,1,0
BRDA:265,21,0,0
BRDA:265,21,1,0
BRF:44
BRH:0
end_of_record
TN:
SF:controllers\user.js
FN:5,(anonymous_0)
FN:61,(anonymous_1)
FN:87,(anonymous_2)
FNF:3
FNH:0
FNDA:0,(anonymous_0)
FNDA:0,(anonymous_1)
FNDA:0,(anonymous_2)
DA:1,3
DA:2,3
DA:3,3
DA:5,3
DA:6,0
DA:8,0
DA:9,0
DA:11,0
DA:12,0
DA:13,0
DA:14,0
DA:15,0
DA:18,0
DA:20,0
DA:21,0
DA:22,0
DA:23,0
DA:26,0
DA:36,0
DA:37,0
DA:38,0
DA:39,0
DA:42,0
DA:44,0
DA:46,0
DA:54,0
DA:55,0
DA:57,0
DA:61,3
DA:62,0
DA:64,0
DA:65,0
DA:67,0
DA:68,0
DA:69,0
DA:70,0
DA:73,0
DA:79,0
DA:80,0
DA:82,0
DA:87,3
DA:88,0
DA:89,0
DA:91,0
DA:92,0
DA:94,0
DA:95,0
DA:96,0
DA:97,0
DA:100,0
DA:102,0
DA:103,0
DA:104,0
DA:105,0
DA:108,0
DA:110,0
DA:112,0
DA:114,0
DA:120,0
DA:121,0
DA:123,0
LF:61
LH:6
BRDA:11,0,0,0
BRDA:11,0,1,0
BRDA:20,1,0,0
BRDA:20,1,1,0
BRDA:36,2,0,0
BRDA:36,2,1,0
BRDA:54,3,0,0
BRDA:54,3,1,0
BRDA:67,4,0,0
BRDA:67,4,1,0
BRDA:79,5,0,0
BRDA:79,5,1,0
BRDA:94,6,0,0
BRDA:94,6,1,0
BRDA:102,7,0,0
BRDA:102,7,1,0
BRDA:120,8,0,0
BRDA:120,8,1,0
BRF:18
BRH:0
end_of_record
TN:
SF:middlewares\isAuth.js
FN:4,(anonymous_0)
FNF:1
FNH:1
FNDA:8,(anonymous_0)
DA:1,3
DA:2,3
DA:4,3
DA:6,8
DA:8,8
DA:9,8
DA:14,8
DA:15,8
DA:16,0
DA:17,0
DA:18,0
DA:21,8
DA:22,8
DA:23,0
DA:24,0
DA:25,0
DA:29,8
DA:30,0
DA:31,0
DA:32,0
DA:36,8
DA:38,8
DA:39,0
DA:40,0
DA:41,0
DA:44,8
DA:45,8
DA:46,8
DA:48,8
DA:54,0
DA:55,0
DA:57,0
LF:32
LH:17
BRDA:8,0,0,8
BRDA:8,0,1,0
BRDA:15,1,0,0
BRDA:15,1,1,8
BRDA:22,2,0,0
BRDA:22,2,1,8
BRDA:29,3,0,0
BRDA:29,3,1,8
BRDA:38,4,0,0
BRDA:38,4,1,8
BRDA:54,5,0,0
BRDA:54,5,1,0
BRF:12
BRH:5
end_of_record
TN:
SF:models\address.js
FNF:0
FNH:0
DA:1,3
DA:3,3
DA:39,3
DA:41,3
LF:4
LH:4
BRF:0
BRH:0
end_of_record
TN:
SF:models\coupon.js
FNF:0
FNH:0
DA:1,3
DA:3,3
DA:40,3
DA:42,3
LF:4
LH:4
BRF:0
BRH:0
end_of_record
TN:
SF:models\event.js
FN:47,(anonymous_0)
FNF:1
FNH:0
FNDA:0,(anonymous_0)
DA:1,3
DA:4,3
DA:49,0
DA:86,3
DA:88,3
LF:5
LH:4
BRF:0
BRH:0
end_of_record
TN:
SF:models\order.js
FNF:0
FNH:0
DA:1,3
DA:3,3
DA:58,3
DA:60,3
LF:4
LH:4
BRF:0
BRH:0
end_of_record
TN:
SF:models\product.js
FN:86,arrayMinLengthValidator
FNF:1
FNH:0
FNDA:0,arrayMinLengthValidator
DA:1,3
DA:2,3
DA:4,3
DA:87,0
DA:90,3
LF:5
LH:4
BRDA:87,0,0,0
BRDA:87,0,1,0
BRF:2
BRH:0
end_of_record
TN:
SF:models\shop.js
FNF:0
FNH:0
DA:1,3
DA:2,3
DA:4,3
DA:24,3
LF:4
LH:4
BRF:0
BRH:0
end_of_record
TN:
SF:models\user.js
FNF:0
FNH:0
DA:1,3
DA:2,3
DA:4,3
DA:25,3
LF:4
LH:4
BRF:0
BRH:0
end_of_record
TN:
SF:routes\auth.js
FN:17,(anonymous_0)
FN:19,(anonymous_1)
FN:26,(anonymous_2)
FN:58,(anonymous_3)
FNF:4
FNH:4
FNDA:4,(anonymous_0)
FNDA:4,(anonymous_1)
FNDA:4,(anonymous_2)
FNDA:1,(anonymous_3)
DA:1,3
DA:2,3
DA:3,3
DA:4,3
DA:6,3
DA:7,3
DA:9,3
DA:12,3
DA:18,4
DA:20,4
DA:21,1
DA:27,4
DA:28,0
DA:30,4
DA:35,3
DA:38,3
DA:41,3
DA:44,3
DA:47,3
DA:59,1
DA:60,0
DA:62,1
DA:68,3
DA:71,3
DA:73,3
LF:25
LH:23
BRDA:20,0,0,1
BRDA:20,0,1,3
BRDA:27,1,0,0
BRDA:27,1,1,4
BRDA:59,2,0,0
BRDA:59,2,1,1
BRF:6
BRH:4
end_of_record
TN:
SF:routes\coupon.js
FN:21,(anonymous_0)
FN:40,(anonymous_1)
FN:59,(anonymous_2)
FNF:3
FNH:0
FNDA:0,(anonymous_0)
FNDA:0,(anonymous_1)
FNDA:0,(anonymous_2)
DA:1,3
DA:2,3
DA:3,3
DA:4,3
DA:5,3
DA:6,3
DA:9,3
DA:22,0
DA:23,0
DA:24,0
DA:26,0
DA:41,0
DA:42,0
DA:44,0
DA:45,0
DA:47,0
DA:60,0
DA:61,0
DA:63,0
DA:78,3
DA:81,3
DA:84,3
DA:87,3
LF:23
LH:11
BRDA:23,0,0,0
BRDA:23,0,1,0
BRDA:41,1,0,0
BRDA:41,1,1,0
BRDA:41,2,0,0
BRDA:41,2,1,0
BRDA:41,2,2,0
BRDA:44,3,0,0
BRDA:44,3,1,0
BRDA:44,4,0,0
BRDA:44,4,1,0
BRDA:60,5,0,0
BRDA:60,5,1,0
BRF:13
BRH:0
end_of_record
TN:
SF:routes\event.js
FN:34,(anonymous_0)
FN:49,(anonymous_1)
FNF:2
FNH:0
FNDA:0,(anonymous_0)
FNDA:0,(anonymous_1)
DA:1,3
DA:2,3
DA:3,3
DA:4,3
DA:5,3
DA:6,3
DA:8,3
DA:11,3
DA:36,0
DA:37,0
DA:39,0
DA:51,0
DA:87,3
DA:90,3
DA:92,3
LF:15
LH:11
BRDA:36,0,0,0
BRDA:36,0,1,0
BRDA:37,1,0,0
BRDA:37,1,1,0
BRF:4
BRH:0
end_of_record
TN:
SF:routes\order.js
FNF:0
FNH:0
DA:1,3
DA:2,3
DA:3,3
DA:4,3
DA:5,3
DA:9,3
DA:29,3
DA:32,3
DA:35,3
DA:37,3
LF:10
LH:10
BRF:0
BRH:0
end_of_record
TN:
SF:routes\payment.js
FNF:0
FNH:0
DA:1,3
DA:2,3
DA:4,3
DA:6,3
DA:10,3
DA:13,3
DA:16,3
DA:19,3
DA:21,3
LF:9
LH:9
BRF:0
BRH:0
end_of_record
TN:
SF:routes\product.js
FNF:0
FNH:0
DA:1,3
DA:2,3
DA:3,3
DA:4,3
DA:5,3
DA:6,3
DA:7,3
DA:9,3
DA:12,3
DA:23,3
DA:26,3
DA:29,3
DA:32,3
DA:39,3
DA:42,3
DA:45,3
DA:49,3
LF:17
LH:17
BRF:0
BRH:0
end_of_record
TN:
SF:routes\seller.js
FN:16,(anonymous_0)
FN:18,(anonymous_1)
FNF:2
FNH:2
FNDA:2,(anonymous_0)
FNDA:2,(anonymous_1)
DA:1,3
DA:2,3
DA:3,3
DA:5,3
DA:6,3
DA:8,3
DA:11,3
DA:17,2
DA:19,2
DA:20,0
DA:46,3
LF:11
LH:10
BRDA:19,0,0,0
BRDA:19,0,1,2
BRF:2
BRH:1
end_of_record
TN:
SF:routes\shop.js
FN:17,(anonymous_0)
FNF:1
FNH:0
FNDA:0,(anonymous_0)
DA:1,3
DA:2,3
DA:4,3
DA:5,3
DA:7,3
DA:10,3
DA:18,0
DA:19,0
DA:21,0
DA:26,3
DA:29,3
DA:32,3
DA:35,3
DA:37,3
LF:14
LH:11
BRDA:18,0,0,0
BRDA:18,0,1,0
BRF:2
BRH:0
end_of_record
TN:
SF:routes\user.js
FNF:0
FNH:0
DA:1,3
DA:2,3
DA:4,3
DA:5,3
DA:7,3
DA:10,3
DA:21,3
DA:24,3
DA:27,3
LF:9
LH:9
BRF:0
BRH:0
end_of_record
TN:
SF:utils\authMailSender.js
FN:16,(anonymous_0)
FN:41,(anonymous_1)
FNF:2
FNH:2
FNDA:1,(anonymous_0)
FNDA:1,(anonymous_1)
DA:1,3
DA:4,3
DA:16,3
DA:17,1
DA:37,1
DA:41,3
DA:42,1
DA:52,1
DA:55,3
LF:9
LH:9
BRF:0
BRH:0
end_of_record
TN:
SF:utils\imageCleaner.js
FN:4,(anonymous_0)
FN:6,(anonymous_1)
FNF:2
FNH:2
FNDA:2,(anonymous_0)
FNDA:2,(anonymous_1)
DA:1,4
DA:2,4
DA:4,4
DA:5,2
DA:6,2
DA:9,4
LF:6
LH:6
BRF:0
BRH:0
end_of_record
TN:
SF:utils\ratingCalculator.js
FN:1,(anonymous_0)
FN:2,(anonymous_1)
FN:6,(anonymous_2)
FN:7,(anonymous_3)
FN:17,(anonymous_4)
FN:20,(anonymous_5)
FNF:6
FNH:6
FNDA:4,(anonymous_0)
FNDA:24,(anonymous_1)
FNDA:24,(anonymous_2)
FNDA:48,(anonymous_3)
FNDA:28,(anonymous_4)
FNDA:26,(anonymous_5)
DA:1,4
DA:2,4
DA:3,24
DA:6,4
DA:7,24
DA:8,48
DA:9,24
DA:14,4
DA:17,4
DA:18,28
DA:19,28
DA:20,28
DA:21,26
DA:22,26
DA:24,28
DA:25,28
DA:28,4
LF:17
LH:17
BRDA:8,0,0,24
BRDA:8,0,1,24
BRDA:24,1,0,8
BRDA:24,1,1,20
BRDA:25,2,0,28
BRDA:25,2,1,12
BRF:6
BRH:6
end_of_record
